<?xml version="1.0" encoding="UTF-8"?>
<testsuites name="Suites_Curso_Katalon_parte1" time="72.084" tests="2" failures="1" errors="0">
   <testsuite name="Suites_Curso_Katalon_parte1" tests="2" failures="1" errors="0" time="72.084" skipped="0" timestamp="2023-05-23 15:26:24" hostname="user - 192.168.1.21" id="Test Suites/Curso_De_Katalon/Suites_Curso_Katalon_parte1">
      <properties>
         <property name="deviceName" value=""/>
         <property name="devicePlatform" value=""/>
         <property name="logFolder" value="C:\\Users\\user\\Katalon Studio\\CursoKatalon-master\\Reports\\20230523_152258\\Curso_De_Katalon\\Suites_Curso_Katalon_parte1\\20230523_152613"/>
         <property name="logFiles" value="C:\\Users\\user\\Katalon Studio\\CursoKatalon-master\\Reports\\20230523_152258\\Curso_De_Katalon\\Suites_Curso_Katalon_parte1\\20230523_152613\\execution0.log"/>
         <property name="attachments" value="C:\\Users\\user\\Katalon Studio\\CursoKatalon-master\\Reports\\20230523_152258\\Curso_De_Katalon\\Suites_Curso_Katalon_parte1\\20230523_152613\\1684848456485.png"/>
         <property name="hostName" value="user - 192.168.1.21"/>
         <property name="os" value="Windows 10 64bit"/>
         <property name="katalonVersion" value="8.6.0.208"/>
         <property name="browser" value="Firefox 113.0"/>
         <property name="hostAddress" value="192.168.1.21"/>
         <property name="sessionId" value="86956219-63f0-4332-8b04-b2ce289ef6cb"/>
         <property name="seleniumVersion" value="3.141.59"/>
         <property name="proxyInformation" value="ProxyInformation { proxyOption=NO_PROXY, proxyServerType=HTTP, username=, password=********, proxyServerAddress=, proxyServerPort=0, executionList=&quot;&quot;, isApplyToDesiredCapabilities=true }"/>
         <property name="platform" value="Windows 10"/>
      </properties>
      <testcase name="Test Cases/CursoKatalon/Doble_click" time="23.449" classname="Test Cases/CursoKatalon/Doble_click" status="PASSED">
         <system-out><![CDATA[2023-05-23 15:26:25 - [TEST_CASE][PASSED] - Test Cases/CursoKatalon/Doble_click: Test Cases/CursoKatalon/Doble_click

2023-05-23 15:26:25 - [TEST_STEP][PASSED] - Start listener action : executeRows: com.kms.katalon.keyword.testsuite.RerunKeyword.isStringBelongToList is PASSED

2023-05-23 15:26:25 - [MESSAGE][PASSED] - com.kms.katalon.keyword.testsuite.RerunKeyword.isStringBelongToList is PASSED

2023-05-23 15:26:27 - [TEST_STEP][PASSED] - openBrowser(""): Browser is opened with url: ''

2023-05-23 15:26:28 - [MESSAGE][INFO] - Starting 'Firefox' driver

2023-05-23 15:26:29 - [MESSAGE][INFO] - Action delay is set to 0 milliseconds

2023-05-23 15:26:39 - [MESSAGE][PASSED] - Browser is opened with url: ''

2023-05-23 15:26:39 - [TEST_STEP][PASSED] - navigateToUrl("https://demos.telerik.com/aspnet-ajax/treeview/examples/overview/defaultcs.aspx"): Navigate to 'https://demos.telerik.com/aspnet-ajax/treeview/examples/overview/defaultcs.aspx' successfully

2023-05-23 15:26:41 - [MESSAGE][PASSED] - Navigate to 'https://demos.telerik.com/aspnet-ajax/treeview/examples/overview/defaultcs.aspx' successfully

2023-05-23 15:26:41 - [TEST_STEP][PASSED] - maximizeWindow(): Current window maximized

2023-05-23 15:26:41 - [MESSAGE][PASSED] - Current window maximized

2023-05-23 15:26:41 - [TEST_STEP][PASSED] - click(findTestObject("Doble_click/Page_Telerik Web UI TreeView WebForms TreeV_78f562/button_Accept and Close")): Object: 'Object Repository/Doble_click/Page_Telerik Web UI TreeView WebForms TreeV_78f562/button_Accept and Close' is clicked on

2023-05-23 15:26:43 - [MESSAGE][PASSED] - Object: 'Object Repository/Doble_click/Page_Telerik Web UI TreeView WebForms TreeV_78f562/button_Accept and Close' is clicked on

2023-05-23 15:26:43 - [TEST_STEP][PASSED] - waitForPageLoad(60): Wait for page load successfully

2023-05-23 15:26:44 - [MESSAGE][PASSED] - Wait for page load successfully

2023-05-23 15:26:44 - [TEST_STEP][PASSED] - click(findTestObject("Object Repository/Doble_click/Page_Telerik Web UI TreeView WebForms TreeV_78f562/span_WebForms TreeView Overview_rtMinus rtM_4103a7")): Object: 'Object Repository/Doble_click/Page_Telerik Web UI TreeView WebForms TreeV_78f562/span_WebForms TreeView Overview_rtMinus rtM_4103a7' is clicked on

2023-05-23 15:26:45 - [MESSAGE][PASSED] - Object: 'Object Repository/Doble_click/Page_Telerik Web UI TreeView WebForms TreeV_78f562/span_WebForms TreeView Overview_rtMinus rtM_4103a7' is clicked on

2023-05-23 15:26:45 - [TEST_STEP][PASSED] - verifyElementClickable(findTestObject("Doble_click/Page_Telerik Web UI TreeView WebForms TreeV_78f562/span_WebForms TreeView Overview_rtMinus rtM_4103a7")): Object 'Object Repository/Doble_click/Page_Telerik Web UI TreeView WebForms TreeV_78f562/span_WebForms TreeView Overview_rtMinus rtM_4103a7' is clickable

2023-05-23 15:26:46 - [MESSAGE][PASSED] - Object 'Object Repository/Doble_click/Page_Telerik Web UI TreeView WebForms TreeV_78f562/span_WebForms TreeView Overview_rtMinus rtM_4103a7' is clickable

2023-05-23 15:26:46 - [TEST_STEP][PASSED] - click(findTestObject("Doble_click/Page_Telerik Web UI TreeView WebForms TreeV_78f562/span_WebForms TreeView Overview_rtMinus rtM_4103a7")): Object: 'Object Repository/Doble_click/Page_Telerik Web UI TreeView WebForms TreeV_78f562/span_WebForms TreeView Overview_rtMinus rtM_4103a7' is clicked on

2023-05-23 15:26:46 - [MESSAGE][PASSED] - Object: 'Object Repository/Doble_click/Page_Telerik Web UI TreeView WebForms TreeV_78f562/span_WebForms TreeView Overview_rtMinus rtM_4103a7' is clicked on

2023-05-23 15:26:46 - [TEST_STEP][PASSED] - doubleClick(findTestObject("Object Repository/Doble_click/Page_Telerik Web UI TreeView WebForms TreeV_78f562/span_WebForms TreeView Overview_rtPlus rtPlusHover")): Object: 'Object Repository/Doble_click/Page_Telerik Web UI TreeView WebForms TreeV_78f562/span_WebForms TreeView Overview_rtPlus rtPlusHover' is double clicked on

2023-05-23 15:26:47 - [MESSAGE][PASSED] - Object: 'Object Repository/Doble_click/Page_Telerik Web UI TreeView WebForms TreeV_78f562/span_WebForms TreeView Overview_rtPlus rtPlusHover' is double clicked on

2023-05-23 15:26:47 - [TEST_STEP][PASSED] - closeBrowser(): Browser is closed

2023-05-23 15:26:49 - [MESSAGE][PASSED] - Browser is closed

2023-05-23 15:26:49 - [TEST_STEP][PASSED] - Start listener action : sampleAfterTestCase: null

2023-05-23 15:26:49 - [TEST_STEP][PASSED] - Start listener action : addFailedTCToList: com.kms.katalon.keyword.testsuite.RerunKeyword.isStringBelongToList is PASSED

2023-05-23 15:26:49 - [MESSAGE][PASSED] - com.kms.katalon.keyword.testsuite.RerunKeyword.isStringBelongToList is PASSED]]></system-out>
         <system-err><![CDATA[]]></system-err>
      </testcase>
      <testcase name="Test Cases/CursoKatalon/Drog_and_Drag" time="47.531" classname="Test Cases/CursoKatalon/Drog_and_Drag" status="FAILED">
         <failure type="FAILED" message="Test Cases/CursoKatalon/Drog_and_Drag FAILED.
Reason:
com.kms.katalon.core.exception.StepFailedException: Unable to drag and drop to object
	at com.kms.katalon.core.webui.keyword.internal.WebUIKeywordMain.stepFailed(WebUIKeywordMain.groovy:64)
	at com.kms.katalon.core.webui.keyword.internal.WebUIKeywordMain.runKeyword(WebUIKeywordMain.groovy:26)
	at com.kms.katalon.core.webui.keyword.builtin.DragAndDropToObjectKeyword.dragAndDropToObject(DragAndDropToObjectKeyword.groovy:74)
	at com.kms.katalon.core.webui.keyword.builtin.DragAndDropToObjectKeyword.execute(DragAndDropToObjectKeyword.groovy:68)
	at com.kms.katalon.core.keyword.internal.KeywordExecutor.executeKeywordForPlatform(KeywordExecutor.groovy:74)
	at com.kms.katalon.core.webui.keyword.WebUiBuiltInKeywords.dragAndDropToObject(WebUiBuiltInKeywords.groovy:2648)
	at com.kms.katalon.core.webui.keyword.WebUiBuiltInKeywords$dragAndDropToObject$7.call(Unknown Source)
	at Drog_and_Drag.run(Drog_and_Drag:28)
	at com.kms.katalon.core.main.ScriptEngine.run(ScriptEngine.java:194)
	at com.kms.katalon.core.main.ScriptEngine.runScriptAsRawText(ScriptEngine.java:119)
	at com.kms.katalon.core.main.TestCaseExecutor.runScript(TestCaseExecutor.java:448)
	at com.kms.katalon.core.main.TestCaseExecutor.doExecute(TestCaseExecutor.java:439)
	at com.kms.katalon.core.main.TestCaseExecutor.processExecutionPhase(TestCaseExecutor.java:418)
	at com.kms.katalon.core.main.TestCaseExecutor.accessMainPhase(TestCaseExecutor.java:410)
	at com.kms.katalon.core.main.TestCaseExecutor.execute(TestCaseExecutor.java:285)
	at com.kms.katalon.core.common.CommonExecutor.accessTestCaseMainPhase(CommonExecutor.java:65)
	at com.kms.katalon.core.main.TestSuiteExecutor.accessTestSuiteMainPhase(TestSuiteExecutor.java:148)
	at com.kms.katalon.core.main.TestSuiteExecutor.execute(TestSuiteExecutor.java:106)
	at com.kms.katalon.core.main.TestCaseMain.startTestSuite(TestCaseMain.java:187)
	at com.kms.katalon.core.main.TestCaseMain$startTestSuite$0.call(Unknown Source)
	at TempTestSuite1684848373002.run(TempTestSuite1684848373002.groovy:36)
Caused by: com.kms.katalon.core.webui.exception.WebElementNotFoundException: Web element with id: 'Object Repository/Drog_and_Drag/Elemento1' located by '//img[contains(@alt,'The peaks of High Tatras')]' not found
	at com.kms.katalon.core.webui.common.WebUiCommonHelper.findWebElement(WebUiCommonHelper.java:1376)
	at com.kms.katalon.core.webui.keyword.internal.WebUIAbstractKeyword.findWebElement(WebUIAbstractKeyword.groovy:27)
	at com.kms.katalon.core.webui.keyword.internal.WebUIAbstractKeyword.findWebElement(WebUIAbstractKeyword.groovy:26)
	at com.kms.katalon.core.webui.keyword.builtin.DragAndDropToObjectKeyword$_dragAndDropToObject_closure1.doCall(DragAndDropToObjectKeyword.groovy:89)
	at com.kms.katalon.core.webui.keyword.builtin.DragAndDropToObjectKeyword$_dragAndDropToObject_closure1.call(DragAndDropToObjectKeyword.groovy)
	at com.kms.katalon.core.webui.keyword.internal.WebUIKeywordMain.runKeyword(WebUIKeywordMain.groovy:20)
	... 19 more
"/>
         <system-out><![CDATA[2023-05-23 15:26:49 - [TEST_CASE][FAILED] - Test Cases/CursoKatalon/Drog_and_Drag: Test Cases/CursoKatalon/Drog_and_Drag FAILED.
Reason:
com.kms.katalon.core.exception.StepFailedException: Unable to drag and drop to object
	at com.kms.katalon.core.webui.keyword.internal.WebUIKeywordMain.stepFailed(WebUIKeywordMain.groovy:64)
	at com.kms.katalon.core.webui.keyword.internal.WebUIKeywordMain.runKeyword(WebUIKeywordMain.groovy:26)
	at com.kms.katalon.core.webui.keyword.builtin.DragAndDropToObjectKeyword.dragAndDropToObject(DragAndDropToObjectKeyword.groovy:74)
	at com.kms.katalon.core.webui.keyword.builtin.DragAndDropToObjectKeyword.execute(DragAndDropToObjectKeyword.groovy:68)
	at com.kms.katalon.core.keyword.internal.KeywordExecutor.executeKeywordForPlatform(KeywordExecutor.groovy:74)
	at com.kms.katalon.core.webui.keyword.WebUiBuiltInKeywords.dragAndDropToObject(WebUiBuiltInKeywords.groovy:2648)
	at com.kms.katalon.core.webui.keyword.WebUiBuiltInKeywords$dragAndDropToObject$7.call(Unknown Source)
	at Drog_and_Drag.run(Drog_and_Drag:28)
	at com.kms.katalon.core.main.ScriptEngine.run(ScriptEngine.java:194)
	at com.kms.katalon.core.main.ScriptEngine.runScriptAsRawText(ScriptEngine.java:119)
	at com.kms.katalon.core.main.TestCaseExecutor.runScript(TestCaseExecutor.java:448)
	at com.kms.katalon.core.main.TestCaseExecutor.doExecute(TestCaseExecutor.java:439)
	at com.kms.katalon.core.main.TestCaseExecutor.processExecutionPhase(TestCaseExecutor.java:418)
	at com.kms.katalon.core.main.TestCaseExecutor.accessMainPhase(TestCaseExecutor.java:410)
	at com.kms.katalon.core.main.TestCaseExecutor.execute(TestCaseExecutor.java:285)
	at com.kms.katalon.core.common.CommonExecutor.accessTestCaseMainPhase(CommonExecutor.java:65)
	at com.kms.katalon.core.main.TestSuiteExecutor.accessTestSuiteMainPhase(TestSuiteExecutor.java:148)
	at com.kms.katalon.core.main.TestSuiteExecutor.execute(TestSuiteExecutor.java:106)
	at com.kms.katalon.core.main.TestCaseMain.startTestSuite(TestCaseMain.java:187)
	at com.kms.katalon.core.main.TestCaseMain$startTestSuite$0.call(Unknown Source)
	at TempTestSuite1684848373002.run(TempTestSuite1684848373002.groovy:36)
Caused by: com.kms.katalon.core.webui.exception.WebElementNotFoundException: Web element with id: 'Object Repository/Drog_and_Drag/Elemento1' located by '//img[contains(@alt,'The peaks of High Tatras')]' not found
	at com.kms.katalon.core.webui.common.WebUiCommonHelper.findWebElement(WebUiCommonHelper.java:1376)
	at com.kms.katalon.core.webui.keyword.internal.WebUIAbstractKeyword.findWebElement(WebUIAbstractKeyword.groovy:27)
	at com.kms.katalon.core.webui.keyword.internal.WebUIAbstractKeyword.findWebElement(WebUIAbstractKeyword.groovy:26)
	at com.kms.katalon.core.webui.keyword.builtin.DragAndDropToObjectKeyword$_dragAndDropToObject_closure1.doCall(DragAndDropToObjectKeyword.groovy:89)
	at com.kms.katalon.core.webui.keyword.builtin.DragAndDropToObjectKeyword$_dragAndDropToObject_closure1.call(DragAndDropToObjectKeyword.groovy)
	at com.kms.katalon.core.webui.keyword.internal.WebUIKeywordMain.runKeyword(WebUIKeywordMain.groovy:20)
	... 19 more


2023-05-23 15:26:49 - [TEST_STEP][PASSED] - Start listener action : executeRows: com.kms.katalon.keyword.testsuite.RerunKeyword.isStringBelongToList is PASSED

2023-05-23 15:26:49 - [MESSAGE][PASSED] - com.kms.katalon.keyword.testsuite.RerunKeyword.isStringBelongToList is PASSED

2023-05-23 15:26:50 - [TEST_STEP][PASSED] - openBrowser(""): Browser is opened with url: ''

2023-05-23 15:26:50 - [MESSAGE][INFO] - Starting 'Firefox' driver

2023-05-23 15:26:50 - [MESSAGE][INFO] - Action delay is set to 0 milliseconds

2023-05-23 15:26:55 - [MESSAGE][PASSED] - Browser is opened with url: ''

2023-05-23 15:26:55 - [TEST_STEP][PASSED] - navigateToUrl("https://www.globalsqa.com/demo-site/draganddrop/"): Navigate to 'https://www.globalsqa.com/demo-site/draganddrop/' successfully

2023-05-23 15:27:03 - [MESSAGE][PASSED] - Navigate to 'https://www.globalsqa.com/demo-site/draganddrop/' successfully

2023-05-23 15:27:03 - [TEST_STEP][PASSED] - maximizeWindow(): Current window maximized

2023-05-23 15:27:03 - [MESSAGE][PASSED] - Current window maximized

2023-05-23 15:27:03 - [TEST_STEP][PASSED] - waitForPageLoad(10): Wait for page load successfully

2023-05-23 15:27:03 - [MESSAGE][PASSED] - Wait for page load successfully

2023-05-23 15:27:03 - [TEST_STEP][FAILED] - dragAndDropToObject(findTestObject("Object Repository/Drog_and_Drag/Elemento1"), findTestObject("Object Repository/Drog_and_Drag/Contenedor")): Unable to drag and drop to object (Root cause: com.kms.katalon.core.exception.StepFailedException: Unable to drag and drop to object
	at com.kms.katalon.core.webui.keyword.internal.WebUIKeywordMain.stepFailed(WebUIKeywordMain.groovy:64)
	at com.kms.katalon.core.webui.keyword.internal.WebUIKeywordMain.runKeyword(WebUIKeywordMain.groovy:26)
	at com.kms.katalon.core.webui.keyword.builtin.DragAndDropToObjectKeyword.dragAndDropToObject(DragAndDropToObjectKeyword.groovy:74)
	at com.kms.katalon.core.webui.keyword.builtin.DragAndDropToObjectKeyword.execute(DragAndDropToObjectKeyword.groovy:68)
	at com.kms.katalon.core.keyword.internal.KeywordExecutor.executeKeywordForPlatform(KeywordExecutor.groovy:74)
	at com.kms.katalon.core.webui.keyword.WebUiBuiltInKeywords.dragAndDropToObject(WebUiBuiltInKeywords.groovy:2648)
	at com.kms.katalon.core.webui.keyword.WebUiBuiltInKeywords$dragAndDropToObject$7.call(Unknown Source)
	at Drog_and_Drag.run(Drog_and_Drag:28)
	at com.kms.katalon.core.main.ScriptEngine.run(ScriptEngine.java:194)
	at com.kms.katalon.core.main.ScriptEngine.runScriptAsRawText(ScriptEngine.java:119)
	at com.kms.katalon.core.main.TestCaseExecutor.runScript(TestCaseExecutor.java:448)
	at com.kms.katalon.core.main.TestCaseExecutor.doExecute(TestCaseExecutor.java:439)
	at com.kms.katalon.core.main.TestCaseExecutor.processExecutionPhase(TestCaseExecutor.java:418)
	at com.kms.katalon.core.main.TestCaseExecutor.accessMainPhase(TestCaseExecutor.java:410)
	at com.kms.katalon.core.main.TestCaseExecutor.execute(TestCaseExecutor.java:285)
	at com.kms.katalon.core.common.CommonExecutor.accessTestCaseMainPhase(CommonExecutor.java:65)
	at com.kms.katalon.core.main.TestSuiteExecutor.accessTestSuiteMainPhase(TestSuiteExecutor.java:148)
	at com.kms.katalon.core.main.TestSuiteExecutor.execute(TestSuiteExecutor.java:106)
	at com.kms.katalon.core.main.TestCaseMain.startTestSuite(TestCaseMain.java:187)
	at com.kms.katalon.core.main.TestCaseMain$startTestSuite$0.call(Unknown Source)
	at TempTestSuite1684848373002.run(TempTestSuite1684848373002.groovy:36)
Caused by: com.kms.katalon.core.webui.exception.WebElementNotFoundException: Web element with id: 'Object Repository/Drog_and_Drag/Elemento1' located by '//img[contains(@alt,'The peaks of High Tatras')]' not found
	at com.kms.katalon.core.webui.common.WebUiCommonHelper.findWebElement(WebUiCommonHelper.java:1376)
	at com.kms.katalon.core.webui.keyword.internal.WebUIAbstractKeyword.findWebElement(WebUIAbstractKeyword.groovy:27)
	at com.kms.katalon.core.webui.keyword.internal.WebUIAbstractKeyword.findWebElement(WebUIAbstractKeyword.groovy:26)
	at com.kms.katalon.core.webui.keyword.builtin.DragAndDropToObjectKeyword$_dragAndDropToObject_closure1.doCall(DragAndDropToObjectKeyword.groovy:89)
	at com.kms.katalon.core.webui.keyword.builtin.DragAndDropToObjectKeyword$_dragAndDropToObject_closure1.call(DragAndDropToObjectKeyword.groovy)
	at com.kms.katalon.core.webui.keyword.internal.WebUIKeywordMain.runKeyword(WebUIKeywordMain.groovy:20)
	at com.kms.katalon.core.webui.keyword.builtin.DragAndDropToObjectKeyword.dragAndDropToObject(DragAndDropToObjectKeyword.groovy:74)
	at com.kms.katalon.core.webui.keyword.builtin.DragAndDropToObjectKeyword.execute(DragAndDropToObjectKeyword.groovy:68)
	at com.kms.katalon.core.keyword.internal.KeywordExecutor.executeKeywordForPlatform(KeywordExecutor.groovy:74)
	at com.kms.katalon.core.webui.keyword.WebUiBuiltInKeywords.dragAndDropToObject(WebUiBuiltInKeywords.groovy:2648)
	at com.kms.katalon.core.webui.keyword.WebUiBuiltInKeywords$dragAndDropToObject$7.call(Unknown Source)
	at Script1684756794368.run(Script1684756794368.groovy:28)
	... 13 more
)

2023-05-23 15:27:36 - [MESSAGE][INFO] - Unable to find the element located by 'By.xpath: //img[contains(@alt,'The peaks of High Tatras')]'. Please recheck the objects properties to make sure the desired element is located. 

2023-05-23 15:27:36 - [MESSAGE][FAILED] - Unable to drag and drop to object (Root cause: com.kms.katalon.core.exception.StepFailedException: Unable to drag and drop to object
	at com.kms.katalon.core.webui.keyword.internal.WebUIKeywordMain.stepFailed(WebUIKeywordMain.groovy:64)
	at com.kms.katalon.core.webui.keyword.internal.WebUIKeywordMain.runKeyword(WebUIKeywordMain.groovy:26)
	at com.kms.katalon.core.webui.keyword.builtin.DragAndDropToObjectKeyword.dragAndDropToObject(DragAndDropToObjectKeyword.groovy:74)
	at com.kms.katalon.core.webui.keyword.builtin.DragAndDropToObjectKeyword.execute(DragAndDropToObjectKeyword.groovy:68)
	at com.kms.katalon.core.keyword.internal.KeywordExecutor.executeKeywordForPlatform(KeywordExecutor.groovy:74)
	at com.kms.katalon.core.webui.keyword.WebUiBuiltInKeywords.dragAndDropToObject(WebUiBuiltInKeywords.groovy:2648)
	at com.kms.katalon.core.webui.keyword.WebUiBuiltInKeywords$dragAndDropToObject$7.call(Unknown Source)
	at Drog_and_Drag.run(Drog_and_Drag:28)
	at com.kms.katalon.core.main.ScriptEngine.run(ScriptEngine.java:194)
	at com.kms.katalon.core.main.ScriptEngine.runScriptAsRawText(ScriptEngine.java:119)
	at com.kms.katalon.core.main.TestCaseExecutor.runScript(TestCaseExecutor.java:448)
	at com.kms.katalon.core.main.TestCaseExecutor.doExecute(TestCaseExecutor.java:439)
	at com.kms.katalon.core.main.TestCaseExecutor.processExecutionPhase(TestCaseExecutor.java:418)
	at com.kms.katalon.core.main.TestCaseExecutor.accessMainPhase(TestCaseExecutor.java:410)
	at com.kms.katalon.core.main.TestCaseExecutor.execute(TestCaseExecutor.java:285)
	at com.kms.katalon.core.common.CommonExecutor.accessTestCaseMainPhase(CommonExecutor.java:65)
	at com.kms.katalon.core.main.TestSuiteExecutor.accessTestSuiteMainPhase(TestSuiteExecutor.java:148)
	at com.kms.katalon.core.main.TestSuiteExecutor.execute(TestSuiteExecutor.java:106)
	at com.kms.katalon.core.main.TestCaseMain.startTestSuite(TestCaseMain.java:187)
	at com.kms.katalon.core.main.TestCaseMain$startTestSuite$0.call(Unknown Source)
	at TempTestSuite1684848373002.run(TempTestSuite1684848373002.groovy:36)
Caused by: com.kms.katalon.core.webui.exception.WebElementNotFoundException: Web element with id: 'Object Repository/Drog_and_Drag/Elemento1' located by '//img[contains(@alt,'The peaks of High Tatras')]' not found
	at com.kms.katalon.core.webui.common.WebUiCommonHelper.findWebElement(WebUiCommonHelper.java:1376)
	at com.kms.katalon.core.webui.keyword.internal.WebUIAbstractKeyword.findWebElement(WebUIAbstractKeyword.groovy:27)
	at com.kms.katalon.core.webui.keyword.internal.WebUIAbstractKeyword.findWebElement(WebUIAbstractKeyword.groovy:26)
	at com.kms.katalon.core.webui.keyword.builtin.DragAndDropToObjectKeyword$_dragAndDropToObject_closure1.doCall(DragAndDropToObjectKeyword.groovy:89)
	at com.kms.katalon.core.webui.keyword.builtin.DragAndDropToObjectKeyword$_dragAndDropToObject_closure1.call(DragAndDropToObjectKeyword.groovy)
	at com.kms.katalon.core.webui.keyword.internal.WebUIKeywordMain.runKeyword(WebUIKeywordMain.groovy:20)
	at com.kms.katalon.core.webui.keyword.builtin.DragAndDropToObjectKeyword.dragAndDropToObject(DragAndDropToObjectKeyword.groovy:74)
	at com.kms.katalon.core.webui.keyword.builtin.DragAndDropToObjectKeyword.execute(DragAndDropToObjectKeyword.groovy:68)
	at com.kms.katalon.core.keyword.internal.KeywordExecutor.executeKeywordForPlatform(KeywordExecutor.groovy:74)
	at com.kms.katalon.core.webui.keyword.WebUiBuiltInKeywords.dragAndDropToObject(WebUiBuiltInKeywords.groovy:2648)
	at com.kms.katalon.core.webui.keyword.WebUiBuiltInKeywords$dragAndDropToObject$7.call(Unknown Source)
	at Script1684756794368.run(Script1684756794368.groovy:28)
	... 13 more
)
[[ATTACHMENT|C:\\Users\\user\\Katalon Studio\\CursoKatalon-master\\Reports\\20230523_152258\\Curso_De_Katalon\\Suites_Curso_Katalon_parte1\\20230523_152613\\1684848456485.png]]

2023-05-23 15:27:36 - [TEST_STEP][PASSED] - Start listener action : sampleAfterTestCase: null

2023-05-23 15:27:36 - [TEST_STEP][PASSED] - Start listener action : addFailedTCToList: com.kms.katalon.keyword.testsuite.RerunKeyword.isStringBelongToList is PASSED

2023-05-23 15:27:36 - [MESSAGE][PASSED] - com.kms.katalon.keyword.testsuite.RerunKeyword.isStringBelongToList is PASSED

2023-05-23 15:27:36 - [MESSAGE][PASSED] - com.kms.katalon.keyword.testsuite.RerunKeyword.isStringBelongToList is PASSED]]></system-out>
         <system-err><![CDATA[2023-05-23 15:26:49 - [TEST_CASE][FAILED] - Test Cases/CursoKatalon/Drog_and_Drag: Test Cases/CursoKatalon/Drog_and_Drag FAILED.
Reason:
com.kms.katalon.core.exception.StepFailedException: Unable to drag and drop to object
	at com.kms.katalon.core.webui.keyword.internal.WebUIKeywordMain.stepFailed(WebUIKeywordMain.groovy:64)
	at com.kms.katalon.core.webui.keyword.internal.WebUIKeywordMain.runKeyword(WebUIKeywordMain.groovy:26)
	at com.kms.katalon.core.webui.keyword.builtin.DragAndDropToObjectKeyword.dragAndDropToObject(DragAndDropToObjectKeyword.groovy:74)
	at com.kms.katalon.core.webui.keyword.builtin.DragAndDropToObjectKeyword.execute(DragAndDropToObjectKeyword.groovy:68)
	at com.kms.katalon.core.keyword.internal.KeywordExecutor.executeKeywordForPlatform(KeywordExecutor.groovy:74)
	at com.kms.katalon.core.webui.keyword.WebUiBuiltInKeywords.dragAndDropToObject(WebUiBuiltInKeywords.groovy:2648)
	at com.kms.katalon.core.webui.keyword.WebUiBuiltInKeywords$dragAndDropToObject$7.call(Unknown Source)
	at Drog_and_Drag.run(Drog_and_Drag:28)
	at com.kms.katalon.core.main.ScriptEngine.run(ScriptEngine.java:194)
	at com.kms.katalon.core.main.ScriptEngine.runScriptAsRawText(ScriptEngine.java:119)
	at com.kms.katalon.core.main.TestCaseExecutor.runScript(TestCaseExecutor.java:448)
	at com.kms.katalon.core.main.TestCaseExecutor.doExecute(TestCaseExecutor.java:439)
	at com.kms.katalon.core.main.TestCaseExecutor.processExecutionPhase(TestCaseExecutor.java:418)
	at com.kms.katalon.core.main.TestCaseExecutor.accessMainPhase(TestCaseExecutor.java:410)
	at com.kms.katalon.core.main.TestCaseExecutor.execute(TestCaseExecutor.java:285)
	at com.kms.katalon.core.common.CommonExecutor.accessTestCaseMainPhase(CommonExecutor.java:65)
	at com.kms.katalon.core.main.TestSuiteExecutor.accessTestSuiteMainPhase(TestSuiteExecutor.java:148)
	at com.kms.katalon.core.main.TestSuiteExecutor.execute(TestSuiteExecutor.java:106)
	at com.kms.katalon.core.main.TestCaseMain.startTestSuite(TestCaseMain.java:187)
	at com.kms.katalon.core.main.TestCaseMain$startTestSuite$0.call(Unknown Source)
	at TempTestSuite1684848373002.run(TempTestSuite1684848373002.groovy:36)
Caused by: com.kms.katalon.core.webui.exception.WebElementNotFoundException: Web element with id: 'Object Repository/Drog_and_Drag/Elemento1' located by '//img[contains(@alt,'The peaks of High Tatras')]' not found
	at com.kms.katalon.core.webui.common.WebUiCommonHelper.findWebElement(WebUiCommonHelper.java:1376)
	at com.kms.katalon.core.webui.keyword.internal.WebUIAbstractKeyword.findWebElement(WebUIAbstractKeyword.groovy:27)
	at com.kms.katalon.core.webui.keyword.internal.WebUIAbstractKeyword.findWebElement(WebUIAbstractKeyword.groovy:26)
	at com.kms.katalon.core.webui.keyword.builtin.DragAndDropToObjectKeyword$_dragAndDropToObject_closure1.doCall(DragAndDropToObjectKeyword.groovy:89)
	at com.kms.katalon.core.webui.keyword.builtin.DragAndDropToObjectKeyword$_dragAndDropToObject_closure1.call(DragAndDropToObjectKeyword.groovy)
	at com.kms.katalon.core.webui.keyword.internal.WebUIKeywordMain.runKeyword(WebUIKeywordMain.groovy:20)
	... 19 more]]></system-err>
      </testcase>
      <system-out><![CDATA[2023-05-23 15:26:24 - [TEST_SUITE][FAILED] - Suites_Curso_Katalon_parte1: Test Cases/CursoKatalon/Drog_and_Drag FAILED.
Reason:
com.kms.katalon.core.exception.StepFailedException: Unable to drag and drop to object
	at com.kms.katalon.core.webui.keyword.internal.WebUIKeywordMain.stepFailed(WebUIKeywordMain.groovy:64)
	at com.kms.katalon.core.webui.keyword.internal.WebUIKeywordMain.runKeyword(WebUIKeywordMain.groovy:26)
	at com.kms.katalon.core.webui.keyword.builtin.DragAndDropToObjectKeyword.dragAndDropToObject(DragAndDropToObjectKeyword.groovy:74)
	at com.kms.katalon.core.webui.keyword.builtin.DragAndDropToObjectKeyword.execute(DragAndDropToObjectKeyword.groovy:68)
	at com.kms.katalon.core.keyword.internal.KeywordExecutor.executeKeywordForPlatform(KeywordExecutor.groovy:74)
	at com.kms.katalon.core.webui.keyword.WebUiBuiltInKeywords.dragAndDropToObject(WebUiBuiltInKeywords.groovy:2648)
	at com.kms.katalon.core.webui.keyword.WebUiBuiltInKeywords$dragAndDropToObject$7.call(Unknown Source)
	at Drog_and_Drag.run(Drog_and_Drag:28)
	at com.kms.katalon.core.main.ScriptEngine.run(ScriptEngine.java:194)
	at com.kms.katalon.core.main.ScriptEngine.runScriptAsRawText(ScriptEngine.java:119)
	at com.kms.katalon.core.main.TestCaseExecutor.runScript(TestCaseExecutor.java:448)
	at com.kms.katalon.core.main.TestCaseExecutor.doExecute(TestCaseExecutor.java:439)
	at com.kms.katalon.core.main.TestCaseExecutor.processExecutionPhase(TestCaseExecutor.java:418)
	at com.kms.katalon.core.main.TestCaseExecutor.accessMainPhase(TestCaseExecutor.java:410)
	at com.kms.katalon.core.main.TestCaseExecutor.execute(TestCaseExecutor.java:285)
	at com.kms.katalon.core.common.CommonExecutor.accessTestCaseMainPhase(CommonExecutor.java:65)
	at com.kms.katalon.core.main.TestSuiteExecutor.accessTestSuiteMainPhase(TestSuiteExecutor.java:148)
	at com.kms.katalon.core.main.TestSuiteExecutor.execute(TestSuiteExecutor.java:106)
	at com.kms.katalon.core.main.TestCaseMain.startTestSuite(TestCaseMain.java:187)
	at com.kms.katalon.core.main.TestCaseMain$startTestSuite$0.call(Unknown Source)
	at TempTestSuite1684848373002.run(TempTestSuite1684848373002.groovy:36)
Caused by: com.kms.katalon.core.webui.exception.WebElementNotFoundException: Web element with id: 'Object Repository/Drog_and_Drag/Elemento1' located by '//img[contains(@alt,'The peaks of High Tatras')]' not found
	at com.kms.katalon.core.webui.common.WebUiCommonHelper.findWebElement(WebUiCommonHelper.java:1376)
	at com.kms.katalon.core.webui.keyword.internal.WebUIAbstractKeyword.findWebElement(WebUIAbstractKeyword.groovy:27)
	at com.kms.katalon.core.webui.keyword.internal.WebUIAbstractKeyword.findWebElement(WebUIAbstractKeyword.groovy:26)
	at com.kms.katalon.core.webui.keyword.builtin.DragAndDropToObjectKeyword$_dragAndDropToObject_closure1.doCall(DragAndDropToObjectKeyword.groovy:89)
	at com.kms.katalon.core.webui.keyword.builtin.DragAndDropToObjectKeyword$_dragAndDropToObject_closure1.call(DragAndDropToObjectKeyword.groovy)
	at com.kms.katalon.core.webui.keyword.internal.WebUIKeywordMain.runKeyword(WebUIKeywordMain.groovy:20)
	... 19 more]]></system-out>
      <system-err><![CDATA[2023-05-23 15:26:24 - [TEST_SUITE][FAILED] - Suites_Curso_Katalon_parte1: Test Cases/CursoKatalon/Drog_and_Drag FAILED.
Reason:
com.kms.katalon.core.exception.StepFailedException: Unable to drag and drop to object
	at com.kms.katalon.core.webui.keyword.internal.WebUIKeywordMain.stepFailed(WebUIKeywordMain.groovy:64)
	at com.kms.katalon.core.webui.keyword.internal.WebUIKeywordMain.runKeyword(WebUIKeywordMain.groovy:26)
	at com.kms.katalon.core.webui.keyword.builtin.DragAndDropToObjectKeyword.dragAndDropToObject(DragAndDropToObjectKeyword.groovy:74)
	at com.kms.katalon.core.webui.keyword.builtin.DragAndDropToObjectKeyword.execute(DragAndDropToObjectKeyword.groovy:68)
	at com.kms.katalon.core.keyword.internal.KeywordExecutor.executeKeywordForPlatform(KeywordExecutor.groovy:74)
	at com.kms.katalon.core.webui.keyword.WebUiBuiltInKeywords.dragAndDropToObject(WebUiBuiltInKeywords.groovy:2648)
	at com.kms.katalon.core.webui.keyword.WebUiBuiltInKeywords$dragAndDropToObject$7.call(Unknown Source)
	at Drog_and_Drag.run(Drog_and_Drag:28)
	at com.kms.katalon.core.main.ScriptEngine.run(ScriptEngine.java:194)
	at com.kms.katalon.core.main.ScriptEngine.runScriptAsRawText(ScriptEngine.java:119)
	at com.kms.katalon.core.main.TestCaseExecutor.runScript(TestCaseExecutor.java:448)
	at com.kms.katalon.core.main.TestCaseExecutor.doExecute(TestCaseExecutor.java:439)
	at com.kms.katalon.core.main.TestCaseExecutor.processExecutionPhase(TestCaseExecutor.java:418)
	at com.kms.katalon.core.main.TestCaseExecutor.accessMainPhase(TestCaseExecutor.java:410)
	at com.kms.katalon.core.main.TestCaseExecutor.execute(TestCaseExecutor.java:285)
	at com.kms.katalon.core.common.CommonExecutor.accessTestCaseMainPhase(CommonExecutor.java:65)
	at com.kms.katalon.core.main.TestSuiteExecutor.accessTestSuiteMainPhase(TestSuiteExecutor.java:148)
	at com.kms.katalon.core.main.TestSuiteExecutor.execute(TestSuiteExecutor.java:106)
	at com.kms.katalon.core.main.TestCaseMain.startTestSuite(TestCaseMain.java:187)
	at com.kms.katalon.core.main.TestCaseMain$startTestSuite$0.call(Unknown Source)
	at TempTestSuite1684848373002.run(TempTestSuite1684848373002.groovy:36)
Caused by: com.kms.katalon.core.webui.exception.WebElementNotFoundException: Web element with id: 'Object Repository/Drog_and_Drag/Elemento1' located by '//img[contains(@alt,'The peaks of High Tatras')]' not found
	at com.kms.katalon.core.webui.common.WebUiCommonHelper.findWebElement(WebUiCommonHelper.java:1376)
	at com.kms.katalon.core.webui.keyword.internal.WebUIAbstractKeyword.findWebElement(WebUIAbstractKeyword.groovy:27)
	at com.kms.katalon.core.webui.keyword.internal.WebUIAbstractKeyword.findWebElement(WebUIAbstractKeyword.groovy:26)
	at com.kms.katalon.core.webui.keyword.builtin.DragAndDropToObjectKeyword$_dragAndDropToObject_closure1.doCall(DragAndDropToObjectKeyword.groovy:89)
	at com.kms.katalon.core.webui.keyword.builtin.DragAndDropToObjectKeyword$_dragAndDropToObject_closure1.call(DragAndDropToObjectKeyword.groovy)
	at com.kms.katalon.core.webui.keyword.internal.WebUIKeywordMain.runKeyword(WebUIKeywordMain.groovy:20)
	... 19 more]]></system-err>
   </testsuite>
</testsuites>
