<?xml version="1.0" encoding="UTF-8"?>
<testsuites name="SuitesProblemasAuto" time="76.324" tests="10" failures="2" errors="3">
   <testsuite name="SuitesProblemasAuto" tests="10" failures="2" errors="3" time="76.324" skipped="0" timestamp="2023-05-22 01:04:34" hostname="aleja - 192.168.1.13" id="Test Suites/SuitesProblemasHabitualesAutomatizacion/SuitesProblemasAuto">
      <properties>
         <property name="deviceName" value=""/>
         <property name="devicePlatform" value=""/>
         <property name="logFolder" value="C:\\Users\\aleja\\Katalon Studio\\practicaselenium\\Reports\\20230522_010431\\SuitesProblemasHabitualesAutomatizacion\\SuitesProblemasAuto\\20230522_010432"/>
         <property name="logFiles" value="C:\\Users\\aleja\\Katalon Studio\\practicaselenium\\Reports\\20230522_010431\\SuitesProblemasHabitualesAutomatizacion\\SuitesProblemasAuto\\20230522_010432\\execution0.log"/>
         <property name="attachments" value="C:\\Users\\aleja\\Katalon Studio\\practicaselenium\\Reports\\20230522_010431\\SuitesProblemasHabitualesAutomatizacion\\SuitesProblemasAuto\\20230522_010432\\1684710317059.png, C:\\Users\\aleja\\Katalon Studio\\practicaselenium\\Reports\\20230522_010431\\SuitesProblemasHabitualesAutomatizacion\\SuitesProblemasAuto\\20230522_010432\\1684710317779.png, C:\\Users\\aleja\\Katalon Studio\\practicaselenium\\Reports\\20230522_010431\\SuitesProblemasHabitualesAutomatizacion\\SuitesProblemasAuto\\20230522_010432\\1684710350044.png, C:\\Users\\aleja\\Katalon Studio\\practicaselenium\\Reports\\20230522_010431\\SuitesProblemasHabitualesAutomatizacion\\SuitesProblemasAuto\\20230522_010432\\1684710350648.png"/>
         <property name="hostName" value="aleja - 192.168.1.13"/>
         <property name="os" value="Windows 10 64bit"/>
         <property name="katalonVersion" value="8.6.0.208"/>
         <property name="browser" value="Chrome 113.0.0.0"/>
         <property name="hostAddress" value="192.168.1.13"/>
         <property name="sessionId" value="38fc9bf25e43cb7797d98148d8e2b96b"/>
         <property name="seleniumVersion" value="3.141.59"/>
         <property name="proxyInformation" value="ProxyInformation { proxyOption=NO_PROXY, proxyServerType=HTTP, username=, password=********, proxyServerAddress=, proxyServerPort=0, executionList=&quot;&quot;, isApplyToDesiredCapabilities=true }"/>
         <property name="platform" value="Windows 10"/>
      </properties>
      <testcase name="Test Cases/SolucionEnscriptsIndividuales/ClickEnElemento" time="4.231" classname="Test Cases/SolucionEnscriptsIndividuales/ClickEnElemento" status="PASSED">
         <system-out><![CDATA[2023-05-22 01:04:35 - [TEST_CASE][PASSED] - Test Cases/SolucionEnscriptsIndividuales/ClickEnElemento: Test Cases/SolucionEnscriptsIndividuales/ClickEnElemento

2023-05-22 01:04:35 - [TEST_STEP][PASSED] - Start listener action : executeRows: com.kms.katalon.keyword.testsuite.RerunKeyword.isStringBelongToList is PASSED

2023-05-22 01:04:35 - [MESSAGE][PASSED] - com.kms.katalon.keyword.testsuite.RerunKeyword.isStringBelongToList is PASSED

2023-05-22 01:04:35 - [TEST_STEP][PASSED] - openBrowser(""): Browser is opened with url: ''

2023-05-22 01:04:35 - [MESSAGE][INFO] - Starting 'Chrome' driver

2023-05-22 01:04:35 - [MESSAGE][INFO] - User set preference: ['args', '[--start-maximized, --incognito, disable-notifications]']

2023-05-22 01:04:35 - [MESSAGE][INFO] - User set preference: ['acceptInsecureCerts', 'true']

2023-05-22 01:04:35 - [MESSAGE][INFO] - Action delay is set to 0 milliseconds

2023-05-22 01:04:38 - [MESSAGE][PASSED] - Browser is opened with url: ''

2023-05-22 01:04:38 - [TEST_STEP][PASSED] - navigateToUrl("http://pruebaselenium.serviciosdetesting.com/"): Navigate to 'http://pruebaselenium.serviciosdetesting.com/' successfully

2023-05-22 01:04:39 - [MESSAGE][PASSED] - Navigate to 'http://pruebaselenium.serviciosdetesting.com/' successfully

2023-05-22 01:04:39 - [TEST_STEP][PASSED] - comment("Practica nivel 1"): Practica nivel 1

2023-05-22 01:04:39 - [MESSAGE][INFO] - Practica nivel 1

2023-05-22 01:04:39 - [TEST_STEP][PASSED] - click(findTestObject("AllTestLevel/BotonEmpezar")): Object: 'Object Repository/AllTestLevel/BotonEmpezar' is clicked on

2023-05-22 01:04:39 - [MESSAGE][PASSED] - Object: 'Object Repository/AllTestLevel/BotonEmpezar' is clicked on

2023-05-22 01:04:39 - [TEST_STEP][PASSED] - Start listener action : sampleAfterTestCase: null

2023-05-22 01:04:39 - [TEST_STEP][PASSED] - Start listener action : addFailedTCToList: com.kms.katalon.keyword.testsuite.RerunKeyword.isStringBelongToList is PASSED

2023-05-22 01:04:39 - [MESSAGE][PASSED] - com.kms.katalon.keyword.testsuite.RerunKeyword.isStringBelongToList is PASSED]]></system-out>
         <system-err><![CDATA[]]></system-err>
      </testcase>
      <testcase name="Test Cases/SolucionEnscriptsIndividuales/EscribirEnElemento" time="0.898" classname="Test Cases/SolucionEnscriptsIndividuales/EscribirEnElemento" status="PASSED">
         <system-out><![CDATA[2023-05-22 01:04:39 - [TEST_CASE][PASSED] - Test Cases/SolucionEnscriptsIndividuales/EscribirEnElemento: Test Cases/SolucionEnscriptsIndividuales/EscribirEnElemento

2023-05-22 01:04:39 - [TEST_STEP][PASSED] - Start listener action : executeRows: com.kms.katalon.keyword.testsuite.RerunKeyword.isStringBelongToList is PASSED

2023-05-22 01:04:39 - [MESSAGE][PASSED] - com.kms.katalon.keyword.testsuite.RerunKeyword.isStringBelongToList is PASSED

2023-05-22 01:04:39 - [TEST_STEP][PASSED] - comment("Practica nivel 2"): Practica nivel 2

2023-05-22 01:04:39 - [MESSAGE][INFO] - Practica nivel 2

2023-05-22 01:04:39 - [TEST_STEP][PASSED] - setText(findTestObject("AllTestLevel/Textbox_nivel2"), "selenium"): Text 'selenium' is set on object 'Object Repository/AllTestLevel/Textbox_nivel2'

2023-05-22 01:04:39 - [MESSAGE][PASSED] - Text 'selenium' is set on object 'Object Repository/AllTestLevel/Textbox_nivel2'

2023-05-22 01:04:39 - [TEST_STEP][PASSED] - waitForElementClickable(findTestObject("AllTestLevel/Boton_Nivel2"), DelayCorto): Object 'Object Repository/AllTestLevel/Boton_Nivel2' is clickable

2023-05-22 01:04:40 - [MESSAGE][PASSED] - Object 'Object Repository/AllTestLevel/Boton_Nivel2' is clickable

2023-05-22 01:04:40 - [TEST_STEP][PASSED] - click(findTestObject("AllTestLevel/Boton_Nivel2")): Object: 'Object Repository/AllTestLevel/Boton_Nivel2' is clicked on

2023-05-22 01:04:40 - [MESSAGE][PASSED] - Object: 'Object Repository/AllTestLevel/Boton_Nivel2' is clicked on

2023-05-22 01:04:40 - [TEST_STEP][PASSED] - Start listener action : sampleAfterTestCase: null

2023-05-22 01:04:40 - [TEST_STEP][PASSED] - Start listener action : addFailedTCToList: com.kms.katalon.keyword.testsuite.RerunKeyword.isStringBelongToList is PASSED

2023-05-22 01:04:40 - [MESSAGE][PASSED] - com.kms.katalon.keyword.testsuite.RerunKeyword.isStringBelongToList is PASSED]]></system-out>
         <system-err><![CDATA[]]></system-err>
      </testcase>
      <testcase name="Test Cases/SolucionEnscriptsIndividuales/ObtenerTextoDeElemento" time="0.862" classname="Test Cases/SolucionEnscriptsIndividuales/ObtenerTextoDeElemento" status="PASSED">
         <system-out><![CDATA[2023-05-22 01:04:40 - [TEST_CASE][PASSED] - Test Cases/SolucionEnscriptsIndividuales/ObtenerTextoDeElemento: Test Cases/SolucionEnscriptsIndividuales/ObtenerTextoDeElemento

2023-05-22 01:04:40 - [TEST_STEP][PASSED] - Start listener action : executeRows: com.kms.katalon.keyword.testsuite.RerunKeyword.isStringBelongToList is PASSED

2023-05-22 01:04:40 - [MESSAGE][PASSED] - com.kms.katalon.keyword.testsuite.RerunKeyword.isStringBelongToList is PASSED

2023-05-22 01:04:40 - [TEST_STEP][PASSED] - comment("Pratica nivel 3"): Pratica nivel 3

2023-05-22 01:04:40 - [MESSAGE][INFO] - Pratica nivel 3

2023-05-22 01:04:40 - [TEST_STEP][PASSED] - Texto_label = getText(findTestObject("AllTestLevel/Label_nivel3")): Text of object 'Object Repository/AllTestLevel/Label_nivel3' is: 'I am doing Selenium stuff!'

2023-05-22 01:04:40 - [MESSAGE][PASSED] - Text of object 'Object Repository/AllTestLevel/Label_nivel3' is: 'I am doing Selenium stuff!'

2023-05-22 01:04:40 - [TEST_STEP][PASSED] - waitForElementClickable(findTestObject("AllTestLevel/Textbox_nivel2"), DelayCorto): Object 'Object Repository/AllTestLevel/Textbox_nivel2' is clickable

2023-05-22 01:04:40 - [MESSAGE][PASSED] - Object 'Object Repository/AllTestLevel/Textbox_nivel2' is clickable

2023-05-22 01:04:40 - [TEST_STEP][PASSED] - setText(findTestObject("AllTestLevel/Textbox_nivel2"), Texto_label): Text 'I am doing Selenium stuff!' is set on object 'Object Repository/AllTestLevel/Textbox_nivel2'

2023-05-22 01:04:40 - [MESSAGE][PASSED] - Text 'I am doing Selenium stuff!' is set on object 'Object Repository/AllTestLevel/Textbox_nivel2'

2023-05-22 01:04:40 - [TEST_STEP][PASSED] - waitForElementClickable(findTestObject("AllTestLevel/Boton_Nivel2"), DelayCorto): Object 'Object Repository/AllTestLevel/Boton_Nivel2' is clickable

2023-05-22 01:04:40 - [MESSAGE][PASSED] - Object 'Object Repository/AllTestLevel/Boton_Nivel2' is clickable

2023-05-22 01:04:40 - [TEST_STEP][PASSED] - click(findTestObject("AllTestLevel/Boton_Nivel2")): Object: 'Object Repository/AllTestLevel/Boton_Nivel2' is clicked on

2023-05-22 01:04:41 - [MESSAGE][PASSED] - Object: 'Object Repository/AllTestLevel/Boton_Nivel2' is clicked on

2023-05-22 01:04:41 - [TEST_STEP][PASSED] - Start listener action : sampleAfterTestCase: null

2023-05-22 01:04:41 - [TEST_STEP][PASSED] - Start listener action : addFailedTCToList: com.kms.katalon.keyword.testsuite.RerunKeyword.isStringBelongToList is PASSED

2023-05-22 01:04:41 - [MESSAGE][PASSED] - com.kms.katalon.keyword.testsuite.RerunKeyword.isStringBelongToList is PASSED]]></system-out>
         <system-err><![CDATA[]]></system-err>
      </testcase>
      <testcase name="Test Cases/SolucionEnscriptsIndividuales/ClickEnMultiplesElementos" time="2.078" classname="Test Cases/SolucionEnscriptsIndividuales/ClickEnMultiplesElementos" status="PASSED">
         <system-out><![CDATA[2023-05-22 01:04:41 - [TEST_CASE][PASSED] - Test Cases/SolucionEnscriptsIndividuales/ClickEnMultiplesElementos: Test Cases/SolucionEnscriptsIndividuales/ClickEnMultiplesElementos

2023-05-22 01:04:41 - [TEST_STEP][PASSED] - Start listener action : executeRows: com.kms.katalon.keyword.testsuite.RerunKeyword.isStringBelongToList is PASSED

2023-05-22 01:04:41 - [MESSAGE][PASSED] - com.kms.katalon.keyword.testsuite.RerunKeyword.isStringBelongToList is PASSED

2023-05-22 01:04:41 - [TEST_STEP][PASSED] - comment("Practica nivel 4"): Practica nivel 4

2023-05-22 01:04:41 - [MESSAGE][INFO] - Practica nivel 4

2023-05-22 01:04:41 - [TEST_STEP][PASSED] - waitForElementClickable(findTestObject("AllTestLevel/Boton1_nivel4"), DelayCorto): Object 'Object Repository/AllTestLevel/Boton1_nivel4' is clickable

2023-05-22 01:04:41 - [MESSAGE][PASSED] - Object 'Object Repository/AllTestLevel/Boton1_nivel4' is clickable

2023-05-22 01:04:41 - [TEST_STEP][PASSED] - click(findTestObject("AllTestLevel/Boton1_nivel4")): Object: 'Object Repository/AllTestLevel/Boton1_nivel4' is clicked on

2023-05-22 01:04:41 - [MESSAGE][PASSED] - Object: 'Object Repository/AllTestLevel/Boton1_nivel4' is clicked on

2023-05-22 01:04:41 - [TEST_STEP][PASSED] - waitForElementClickable(findTestObject("AllTestLevel/Boton2_nivel4"), DelayCorto): Object 'Object Repository/AllTestLevel/Boton2_nivel4' is clickable

2023-05-22 01:04:41 - [MESSAGE][PASSED] - Object 'Object Repository/AllTestLevel/Boton2_nivel4' is clickable

2023-05-22 01:04:41 - [TEST_STEP][PASSED] - click(findTestObject("AllTestLevel/Boton2_nivel4")): Object: 'Object Repository/AllTestLevel/Boton2_nivel4' is clicked on

2023-05-22 01:04:41 - [MESSAGE][PASSED] - Object: 'Object Repository/AllTestLevel/Boton2_nivel4' is clicked on

2023-05-22 01:04:41 - [TEST_STEP][PASSED] - waitForElementClickable(findTestObject("AllTestLevel/Boton3_nivel4"), DelayCorto): Object 'Object Repository/AllTestLevel/Boton3_nivel4' is clickable

2023-05-22 01:04:41 - [MESSAGE][PASSED] - Object 'Object Repository/AllTestLevel/Boton3_nivel4' is clickable

2023-05-22 01:04:41 - [TEST_STEP][PASSED] - click(findTestObject("AllTestLevel/Boton3_nivel4")): Object: 'Object Repository/AllTestLevel/Boton3_nivel4' is clicked on

2023-05-22 01:04:41 - [MESSAGE][PASSED] - Object: 'Object Repository/AllTestLevel/Boton3_nivel4' is clicked on

2023-05-22 01:04:41 - [TEST_STEP][PASSED] - waitForElementClickable(findTestObject("AllTestLevel/Boton4_nivel4"), DelayCorto): Object 'Object Repository/AllTestLevel/Boton4_nivel4' is clickable

2023-05-22 01:04:42 - [MESSAGE][PASSED] - Object 'Object Repository/AllTestLevel/Boton4_nivel4' is clickable

2023-05-22 01:04:42 - [TEST_STEP][PASSED] - click(findTestObject("AllTestLevel/Boton4_nivel4")): Object: 'Object Repository/AllTestLevel/Boton4_nivel4' is clicked on

2023-05-22 01:04:42 - [MESSAGE][PASSED] - Object: 'Object Repository/AllTestLevel/Boton4_nivel4' is clicked on

2023-05-22 01:04:42 - [TEST_STEP][PASSED] - delay(DelayCorto): Delayed 1 second(s)

2023-05-22 01:04:43 - [MESSAGE][PASSED] - Delayed 1 second(s)

2023-05-22 01:04:43 - [TEST_STEP][PASSED] - Start listener action : sampleAfterTestCase: null

2023-05-22 01:04:43 - [TEST_STEP][PASSED] - Start listener action : addFailedTCToList: com.kms.katalon.keyword.testsuite.RerunKeyword.isStringBelongToList is PASSED

2023-05-22 01:04:43 - [MESSAGE][PASSED] - com.kms.katalon.keyword.testsuite.RerunKeyword.isStringBelongToList is PASSED]]></system-out>
         <system-err><![CDATA[]]></system-err>
      </testcase>
      <testcase name="Test Cases/SolucionEnscriptsIndividuales/ClickEnEnlace" time="1.528" classname="Test Cases/SolucionEnscriptsIndividuales/ClickEnEnlace" status="PASSED">
         <system-out><![CDATA[2023-05-22 01:04:43 - [TEST_CASE][PASSED] - Test Cases/SolucionEnscriptsIndividuales/ClickEnEnlace: Test Cases/SolucionEnscriptsIndividuales/ClickEnEnlace

2023-05-22 01:04:43 - [TEST_STEP][PASSED] - Start listener action : executeRows: com.kms.katalon.keyword.testsuite.RerunKeyword.isStringBelongToList is PASSED

2023-05-22 01:04:43 - [MESSAGE][PASSED] - com.kms.katalon.keyword.testsuite.RerunKeyword.isStringBelongToList is PASSED

2023-05-22 01:04:43 - [TEST_STEP][PASSED] - comment("Practica nivel 5"): Practica nivel 5

2023-05-22 01:04:43 - [MESSAGE][INFO] - Practica nivel 5

2023-05-22 01:04:43 - [TEST_STEP][PASSED] - click(findTestObject("AllTestLevel/Enlace_nivel5")): Object: 'Object Repository/AllTestLevel/Enlace_nivel5' is clicked on

2023-05-22 01:04:43 - [MESSAGE][PASSED] - Object: 'Object Repository/AllTestLevel/Enlace_nivel5' is clicked on

2023-05-22 01:04:43 - [TEST_STEP][PASSED] - delay(DelayCorto): Delayed 1 second(s)

2023-05-22 01:04:44 - [MESSAGE][PASSED] - Delayed 1 second(s)

2023-05-22 01:04:44 - [TEST_STEP][PASSED] - Start listener action : sampleAfterTestCase: null

2023-05-22 01:04:44 - [TEST_STEP][PASSED] - Start listener action : addFailedTCToList: com.kms.katalon.keyword.testsuite.RerunKeyword.isStringBelongToList is PASSED

2023-05-22 01:04:44 - [MESSAGE][PASSED] - com.kms.katalon.keyword.testsuite.RerunKeyword.isStringBelongToList is PASSED]]></system-out>
         <system-err><![CDATA[]]></system-err>
      </testcase>
      <testcase name="Test Cases/SolucionEnscriptsIndividuales/Ejecucion_Codigo_Javascript" time="0.318" classname="Test Cases/SolucionEnscriptsIndividuales/Ejecucion_Codigo_Javascript" status="ERROR">
         <error type="ERROR" message="Test Cases/SolucionEnscriptsIndividuales/Ejecucion_Codigo_Javascript FAILED.
Reason:
org.codehaus.groovy.control.MultipleCompilationErrorsException: startup failed:
file:/C:/Users/aleja/Katalon%20Studio/practicaselenium/Scripts/SolucionEnscriptsIndividuales/Ejecucion_Codigo_Javascript/Script1684708546695.groovy: 26: unable to resolve class WebElement 
 @ line 26, column 12.
   WebElement BotonOculto = WebUI.findWebElement(testObj, 5)
              ^

1 error

	at com.kms.katalon.core.main.ScriptEngine.getScript(ScriptEngine.java:199)
	at com.kms.katalon.core.main.ScriptEngine.run(ScriptEngine.java:194)
	at com.kms.katalon.core.main.ScriptEngine.runScriptAsRawText(ScriptEngine.java:119)
	at com.kms.katalon.core.main.TestCaseExecutor.runScript(TestCaseExecutor.java:448)
	at com.kms.katalon.core.main.TestCaseExecutor.doExecute(TestCaseExecutor.java:439)
	at com.kms.katalon.core.main.TestCaseExecutor.processExecutionPhase(TestCaseExecutor.java:418)
	at com.kms.katalon.core.main.TestCaseExecutor.accessMainPhase(TestCaseExecutor.java:410)
	at com.kms.katalon.core.main.TestCaseExecutor.execute(TestCaseExecutor.java:285)
	at com.kms.katalon.core.common.CommonExecutor.accessTestCaseMainPhase(CommonExecutor.java:65)
	at com.kms.katalon.core.main.TestSuiteExecutor.accessTestSuiteMainPhase(TestSuiteExecutor.java:148)
	at com.kms.katalon.core.main.TestSuiteExecutor.execute(TestSuiteExecutor.java:106)
	at com.kms.katalon.core.main.TestCaseMain.startTestSuite(TestCaseMain.java:187)
	at com.kms.katalon.core.main.TestCaseMain$startTestSuite$0.call(Unknown Source)
	at TempTestSuite1684710272778.run(TempTestSuite1684710272778.groovy:36)
"/>
         <system-out><![CDATA[2023-05-22 01:04:44 - [TEST_CASE][ERROR] - Test Cases/SolucionEnscriptsIndividuales/Ejecucion_Codigo_Javascript: Test Cases/SolucionEnscriptsIndividuales/Ejecucion_Codigo_Javascript FAILED.
Reason:
org.codehaus.groovy.control.MultipleCompilationErrorsException: startup failed:
file:/C:/Users/aleja/Katalon%20Studio/practicaselenium/Scripts/SolucionEnscriptsIndividuales/Ejecucion_Codigo_Javascript/Script1684708546695.groovy: 26: unable to resolve class WebElement 
 @ line 26, column 12.
   WebElement BotonOculto = WebUI.findWebElement(testObj, 5)
              ^

1 error

	at com.kms.katalon.core.main.ScriptEngine.getScript(ScriptEngine.java:199)
	at com.kms.katalon.core.main.ScriptEngine.run(ScriptEngine.java:194)
	at com.kms.katalon.core.main.ScriptEngine.runScriptAsRawText(ScriptEngine.java:119)
	at com.kms.katalon.core.main.TestCaseExecutor.runScript(TestCaseExecutor.java:448)
	at com.kms.katalon.core.main.TestCaseExecutor.doExecute(TestCaseExecutor.java:439)
	at com.kms.katalon.core.main.TestCaseExecutor.processExecutionPhase(TestCaseExecutor.java:418)
	at com.kms.katalon.core.main.TestCaseExecutor.accessMainPhase(TestCaseExecutor.java:410)
	at com.kms.katalon.core.main.TestCaseExecutor.execute(TestCaseExecutor.java:285)
	at com.kms.katalon.core.common.CommonExecutor.accessTestCaseMainPhase(CommonExecutor.java:65)
	at com.kms.katalon.core.main.TestSuiteExecutor.accessTestSuiteMainPhase(TestSuiteExecutor.java:148)
	at com.kms.katalon.core.main.TestSuiteExecutor.execute(TestSuiteExecutor.java:106)
	at com.kms.katalon.core.main.TestCaseMain.startTestSuite(TestCaseMain.java:187)
	at com.kms.katalon.core.main.TestCaseMain$startTestSuite$0.call(Unknown Source)
	at TempTestSuite1684710272778.run(TempTestSuite1684710272778.groovy:36)


2023-05-22 01:04:44 - [TEST_STEP][PASSED] - Start listener action : executeRows: com.kms.katalon.keyword.testsuite.RerunKeyword.isStringBelongToList is PASSED

2023-05-22 01:04:44 - [MESSAGE][PASSED] - com.kms.katalon.keyword.testsuite.RerunKeyword.isStringBelongToList is PASSED

2023-05-22 01:04:45 - [TEST_STEP][PASSED] - Start listener action : sampleAfterTestCase: null

2023-05-22 01:04:45 - [TEST_STEP][PASSED] - Start listener action : addFailedTCToList: com.kms.katalon.keyword.testsuite.RerunKeyword.isStringBelongToList is PASSED

2023-05-22 01:04:45 - [MESSAGE][PASSED] - com.kms.katalon.keyword.testsuite.RerunKeyword.isStringBelongToList is PASSED

2023-05-22 01:04:45 - [MESSAGE][PASSED] - com.kms.katalon.keyword.testsuite.RerunKeyword.isStringBelongToList is PASSED]]></system-out>
         <system-err><![CDATA[2023-05-22 01:04:44 - [TEST_CASE][ERROR] - Test Cases/SolucionEnscriptsIndividuales/Ejecucion_Codigo_Javascript: Test Cases/SolucionEnscriptsIndividuales/Ejecucion_Codigo_Javascript FAILED.
Reason:
org.codehaus.groovy.control.MultipleCompilationErrorsException: startup failed:
file:/C:/Users/aleja/Katalon%20Studio/practicaselenium/Scripts/SolucionEnscriptsIndividuales/Ejecucion_Codigo_Javascript/Script1684708546695.groovy: 26: unable to resolve class WebElement 
 @ line 26, column 12.
   WebElement BotonOculto = WebUI.findWebElement(testObj, 5)
              ^

1 error

	at com.kms.katalon.core.main.ScriptEngine.getScript(ScriptEngine.java:199)
	at com.kms.katalon.core.main.ScriptEngine.run(ScriptEngine.java:194)
	at com.kms.katalon.core.main.ScriptEngine.runScriptAsRawText(ScriptEngine.java:119)
	at com.kms.katalon.core.main.TestCaseExecutor.runScript(TestCaseExecutor.java:448)
	at com.kms.katalon.core.main.TestCaseExecutor.doExecute(TestCaseExecutor.java:439)
	at com.kms.katalon.core.main.TestCaseExecutor.processExecutionPhase(TestCaseExecutor.java:418)
	at com.kms.katalon.core.main.TestCaseExecutor.accessMainPhase(TestCaseExecutor.java:410)
	at com.kms.katalon.core.main.TestCaseExecutor.execute(TestCaseExecutor.java:285)
	at com.kms.katalon.core.common.CommonExecutor.accessTestCaseMainPhase(CommonExecutor.java:65)
	at com.kms.katalon.core.main.TestSuiteExecutor.accessTestSuiteMainPhase(TestSuiteExecutor.java:148)
	at com.kms.katalon.core.main.TestSuiteExecutor.execute(TestSuiteExecutor.java:106)
	at com.kms.katalon.core.main.TestCaseMain.startTestSuite(TestCaseMain.java:187)
	at com.kms.katalon.core.main.TestCaseMain$startTestSuite$0.call(Unknown Source)
	at TempTestSuite1684710272778.run(TempTestSuite1684710272778.groovy:36)]]></system-err>
      </testcase>
      <testcase name="Test Cases/SolucionEnscriptsIndividuales/EscribirTextoEnVentanaAlerta" time="0.367" classname="Test Cases/SolucionEnscriptsIndividuales/EscribirTextoEnVentanaAlerta" status="ERROR">
         <error type="ERROR" message="Test Cases/SolucionEnscriptsIndividuales/EscribirTextoEnVentanaAlerta FAILED.
Reason:
org.codehaus.groovy.control.MultipleCompilationErrorsException: startup failed:
file:/C:/Users/aleja/Katalon%20Studio/practicaselenium/Scripts/SolucionEnscriptsIndividuales/EscribirTextoEnVentanaAlerta/Script1684708648926.groovy: 23: unable to resolve class WebDriver 
 @ line 23, column 11.
   WebDriver driver = DriverFactory.getWebDriver()
             ^

1 error

	at com.kms.katalon.core.main.ScriptEngine.getScript(ScriptEngine.java:199)
	at com.kms.katalon.core.main.ScriptEngine.run(ScriptEngine.java:194)
	at com.kms.katalon.core.main.ScriptEngine.runScriptAsRawText(ScriptEngine.java:119)
	at com.kms.katalon.core.main.TestCaseExecutor.runScript(TestCaseExecutor.java:448)
	at com.kms.katalon.core.main.TestCaseExecutor.doExecute(TestCaseExecutor.java:439)
	at com.kms.katalon.core.main.TestCaseExecutor.processExecutionPhase(TestCaseExecutor.java:418)
	at com.kms.katalon.core.main.TestCaseExecutor.accessMainPhase(TestCaseExecutor.java:410)
	at com.kms.katalon.core.main.TestCaseExecutor.execute(TestCaseExecutor.java:285)
	at com.kms.katalon.core.common.CommonExecutor.accessTestCaseMainPhase(CommonExecutor.java:65)
	at com.kms.katalon.core.main.TestSuiteExecutor.accessTestSuiteMainPhase(TestSuiteExecutor.java:148)
	at com.kms.katalon.core.main.TestSuiteExecutor.execute(TestSuiteExecutor.java:106)
	at com.kms.katalon.core.main.TestCaseMain.startTestSuite(TestCaseMain.java:187)
	at com.kms.katalon.core.main.TestCaseMain$startTestSuite$0.call(Unknown Source)
	at TempTestSuite1684710272778.run(TempTestSuite1684710272778.groovy:36)
"/>
         <system-out><![CDATA[2023-05-22 01:04:45 - [TEST_CASE][ERROR] - Test Cases/SolucionEnscriptsIndividuales/EscribirTextoEnVentanaAlerta: Test Cases/SolucionEnscriptsIndividuales/EscribirTextoEnVentanaAlerta FAILED.
Reason:
org.codehaus.groovy.control.MultipleCompilationErrorsException: startup failed:
file:/C:/Users/aleja/Katalon%20Studio/practicaselenium/Scripts/SolucionEnscriptsIndividuales/EscribirTextoEnVentanaAlerta/Script1684708648926.groovy: 23: unable to resolve class WebDriver 
 @ line 23, column 11.
   WebDriver driver = DriverFactory.getWebDriver()
             ^

1 error

	at com.kms.katalon.core.main.ScriptEngine.getScript(ScriptEngine.java:199)
	at com.kms.katalon.core.main.ScriptEngine.run(ScriptEngine.java:194)
	at com.kms.katalon.core.main.ScriptEngine.runScriptAsRawText(ScriptEngine.java:119)
	at com.kms.katalon.core.main.TestCaseExecutor.runScript(TestCaseExecutor.java:448)
	at com.kms.katalon.core.main.TestCaseExecutor.doExecute(TestCaseExecutor.java:439)
	at com.kms.katalon.core.main.TestCaseExecutor.processExecutionPhase(TestCaseExecutor.java:418)
	at com.kms.katalon.core.main.TestCaseExecutor.accessMainPhase(TestCaseExecutor.java:410)
	at com.kms.katalon.core.main.TestCaseExecutor.execute(TestCaseExecutor.java:285)
	at com.kms.katalon.core.common.CommonExecutor.accessTestCaseMainPhase(CommonExecutor.java:65)
	at com.kms.katalon.core.main.TestSuiteExecutor.accessTestSuiteMainPhase(TestSuiteExecutor.java:148)
	at com.kms.katalon.core.main.TestSuiteExecutor.execute(TestSuiteExecutor.java:106)
	at com.kms.katalon.core.main.TestCaseMain.startTestSuite(TestCaseMain.java:187)
	at com.kms.katalon.core.main.TestCaseMain$startTestSuite$0.call(Unknown Source)
	at TempTestSuite1684710272778.run(TempTestSuite1684710272778.groovy:36)


2023-05-22 01:04:45 - [TEST_STEP][PASSED] - Start listener action : executeRows: com.kms.katalon.keyword.testsuite.RerunKeyword.isStringBelongToList is PASSED

2023-05-22 01:04:45 - [MESSAGE][PASSED] - com.kms.katalon.keyword.testsuite.RerunKeyword.isStringBelongToList is PASSED

2023-05-22 01:04:45 - [TEST_STEP][PASSED] - Start listener action : sampleAfterTestCase: null

2023-05-22 01:04:45 - [TEST_STEP][PASSED] - Start listener action : addFailedTCToList: com.kms.katalon.keyword.testsuite.RerunKeyword.isStringBelongToList is PASSED

2023-05-22 01:04:45 - [MESSAGE][PASSED] - com.kms.katalon.keyword.testsuite.RerunKeyword.isStringBelongToList is PASSED

2023-05-22 01:04:45 - [MESSAGE][PASSED] - com.kms.katalon.keyword.testsuite.RerunKeyword.isStringBelongToList is PASSED]]></system-out>
         <system-err><![CDATA[2023-05-22 01:04:45 - [TEST_CASE][ERROR] - Test Cases/SolucionEnscriptsIndividuales/EscribirTextoEnVentanaAlerta: Test Cases/SolucionEnscriptsIndividuales/EscribirTextoEnVentanaAlerta FAILED.
Reason:
org.codehaus.groovy.control.MultipleCompilationErrorsException: startup failed:
file:/C:/Users/aleja/Katalon%20Studio/practicaselenium/Scripts/SolucionEnscriptsIndividuales/EscribirTextoEnVentanaAlerta/Script1684708648926.groovy: 23: unable to resolve class WebDriver 
 @ line 23, column 11.
   WebDriver driver = DriverFactory.getWebDriver()
             ^

1 error

	at com.kms.katalon.core.main.ScriptEngine.getScript(ScriptEngine.java:199)
	at com.kms.katalon.core.main.ScriptEngine.run(ScriptEngine.java:194)
	at com.kms.katalon.core.main.ScriptEngine.runScriptAsRawText(ScriptEngine.java:119)
	at com.kms.katalon.core.main.TestCaseExecutor.runScript(TestCaseExecutor.java:448)
	at com.kms.katalon.core.main.TestCaseExecutor.doExecute(TestCaseExecutor.java:439)
	at com.kms.katalon.core.main.TestCaseExecutor.processExecutionPhase(TestCaseExecutor.java:418)
	at com.kms.katalon.core.main.TestCaseExecutor.accessMainPhase(TestCaseExecutor.java:410)
	at com.kms.katalon.core.main.TestCaseExecutor.execute(TestCaseExecutor.java:285)
	at com.kms.katalon.core.common.CommonExecutor.accessTestCaseMainPhase(CommonExecutor.java:65)
	at com.kms.katalon.core.main.TestSuiteExecutor.accessTestSuiteMainPhase(TestSuiteExecutor.java:148)
	at com.kms.katalon.core.main.TestSuiteExecutor.execute(TestSuiteExecutor.java:106)
	at com.kms.katalon.core.main.TestCaseMain.startTestSuite(TestCaseMain.java:187)
	at com.kms.katalon.core.main.TestCaseMain$startTestSuite$0.call(Unknown Source)
	at TempTestSuite1684710272778.run(TempTestSuite1684710272778.groovy:36)]]></system-err>
      </testcase>
      <testcase name="Test Cases/SolucionEnscriptsIndividuales/CopiarTextoDeUnaVentanaAOtra" time="33.055" classname="Test Cases/SolucionEnscriptsIndividuales/CopiarTextoDeUnaVentanaAOtra" status="FAILED">
         <failure type="FAILED" message="Test Cases/SolucionEnscriptsIndividuales/CopiarTextoDeUnaVentanaAOtra FAILED.
Reason:
com.kms.katalon.core.exception.StepFailedException: Unable to switch to window with index: '1'
	at com.kms.katalon.core.webui.keyword.internal.WebUIKeywordMain.stepFailed(WebUIKeywordMain.groovy:64)
	at com.kms.katalon.core.webui.keyword.internal.WebUIKeywordMain.runKeyword(WebUIKeywordMain.groovy:26)
	at com.kms.katalon.core.webui.keyword.builtin.SwitchToWindowIndexKeyword.switchToWindowIndex(SwitchToWindowIndexKeyword.groovy:85)
	at com.kms.katalon.core.webui.keyword.builtin.SwitchToWindowIndexKeyword.execute(SwitchToWindowIndexKeyword.groovy:67)
	at com.kms.katalon.core.keyword.internal.KeywordExecutor.executeKeywordForPlatform(KeywordExecutor.groovy:74)
	at com.kms.katalon.core.webui.keyword.WebUiBuiltInKeywords.switchToWindowIndex(WebUiBuiltInKeywords.groovy:1891)
	at com.kms.katalon.core.webui.keyword.WebUiBuiltInKeywords$switchToWindowIndex$6.call(Unknown Source)
	at CopiarTextoDeUnaVentanaAOtra.run(CopiarTextoDeUnaVentanaAOtra:26)
	at com.kms.katalon.core.main.ScriptEngine.run(ScriptEngine.java:194)
	at com.kms.katalon.core.main.ScriptEngine.runScriptAsRawText(ScriptEngine.java:119)
	at com.kms.katalon.core.main.TestCaseExecutor.runScript(TestCaseExecutor.java:448)
	at com.kms.katalon.core.main.TestCaseExecutor.doExecute(TestCaseExecutor.java:439)
	at com.kms.katalon.core.main.TestCaseExecutor.processExecutionPhase(TestCaseExecutor.java:418)
	at com.kms.katalon.core.main.TestCaseExecutor.accessMainPhase(TestCaseExecutor.java:410)
	at com.kms.katalon.core.main.TestCaseExecutor.execute(TestCaseExecutor.java:285)
	at com.kms.katalon.core.common.CommonExecutor.accessTestCaseMainPhase(CommonExecutor.java:65)
	at com.kms.katalon.core.main.TestSuiteExecutor.accessTestSuiteMainPhase(TestSuiteExecutor.java:148)
	at com.kms.katalon.core.main.TestSuiteExecutor.execute(TestSuiteExecutor.java:106)
	at com.kms.katalon.core.main.TestCaseMain.startTestSuite(TestCaseMain.java:187)
	at com.kms.katalon.core.main.TestCaseMain$startTestSuite$0.call(Unknown Source)
	at TempTestSuite1684710272778.run(TempTestSuite1684710272778.groovy:36)
Caused by: com.kms.katalon.core.exception.StepFailedException: Cannot find window with index: '1'
	at com.kms.katalon.core.webui.keyword.internal.WebUIKeywordMain.stepFailed(WebUIKeywordMain.groovy:64)
	at com.kms.katalon.core.webui.keyword.builtin.SwitchToWindowIndexKeyword$_switchToWindowIndex_closure1.doCall(SwitchToWindowIndexKeyword.groovy:83)
	at com.kms.katalon.core.webui.keyword.builtin.SwitchToWindowIndexKeyword$_switchToWindowIndex_closure1.call(SwitchToWindowIndexKeyword.groovy)
	at com.kms.katalon.core.webui.keyword.internal.WebUIKeywordMain.runKeyword(WebUIKeywordMain.groovy:20)
	... 19 more
"/>
         <system-out><![CDATA[2023-05-22 01:04:45 - [TEST_CASE][FAILED] - Test Cases/SolucionEnscriptsIndividuales/CopiarTextoDeUnaVentanaAOtra: Test Cases/SolucionEnscriptsIndividuales/CopiarTextoDeUnaVentanaAOtra FAILED.
Reason:
com.kms.katalon.core.exception.StepFailedException: Unable to switch to window with index: '1'
	at com.kms.katalon.core.webui.keyword.internal.WebUIKeywordMain.stepFailed(WebUIKeywordMain.groovy:64)
	at com.kms.katalon.core.webui.keyword.internal.WebUIKeywordMain.runKeyword(WebUIKeywordMain.groovy:26)
	at com.kms.katalon.core.webui.keyword.builtin.SwitchToWindowIndexKeyword.switchToWindowIndex(SwitchToWindowIndexKeyword.groovy:85)
	at com.kms.katalon.core.webui.keyword.builtin.SwitchToWindowIndexKeyword.execute(SwitchToWindowIndexKeyword.groovy:67)
	at com.kms.katalon.core.keyword.internal.KeywordExecutor.executeKeywordForPlatform(KeywordExecutor.groovy:74)
	at com.kms.katalon.core.webui.keyword.WebUiBuiltInKeywords.switchToWindowIndex(WebUiBuiltInKeywords.groovy:1891)
	at com.kms.katalon.core.webui.keyword.WebUiBuiltInKeywords$switchToWindowIndex$6.call(Unknown Source)
	at CopiarTextoDeUnaVentanaAOtra.run(CopiarTextoDeUnaVentanaAOtra:26)
	at com.kms.katalon.core.main.ScriptEngine.run(ScriptEngine.java:194)
	at com.kms.katalon.core.main.ScriptEngine.runScriptAsRawText(ScriptEngine.java:119)
	at com.kms.katalon.core.main.TestCaseExecutor.runScript(TestCaseExecutor.java:448)
	at com.kms.katalon.core.main.TestCaseExecutor.doExecute(TestCaseExecutor.java:439)
	at com.kms.katalon.core.main.TestCaseExecutor.processExecutionPhase(TestCaseExecutor.java:418)
	at com.kms.katalon.core.main.TestCaseExecutor.accessMainPhase(TestCaseExecutor.java:410)
	at com.kms.katalon.core.main.TestCaseExecutor.execute(TestCaseExecutor.java:285)
	at com.kms.katalon.core.common.CommonExecutor.accessTestCaseMainPhase(CommonExecutor.java:65)
	at com.kms.katalon.core.main.TestSuiteExecutor.accessTestSuiteMainPhase(TestSuiteExecutor.java:148)
	at com.kms.katalon.core.main.TestSuiteExecutor.execute(TestSuiteExecutor.java:106)
	at com.kms.katalon.core.main.TestCaseMain.startTestSuite(TestCaseMain.java:187)
	at com.kms.katalon.core.main.TestCaseMain$startTestSuite$0.call(Unknown Source)
	at TempTestSuite1684710272778.run(TempTestSuite1684710272778.groovy:36)
Caused by: com.kms.katalon.core.exception.StepFailedException: Cannot find window with index: '1'
	at com.kms.katalon.core.webui.keyword.internal.WebUIKeywordMain.stepFailed(WebUIKeywordMain.groovy:64)
	at com.kms.katalon.core.webui.keyword.builtin.SwitchToWindowIndexKeyword$_switchToWindowIndex_closure1.doCall(SwitchToWindowIndexKeyword.groovy:83)
	at com.kms.katalon.core.webui.keyword.builtin.SwitchToWindowIndexKeyword$_switchToWindowIndex_closure1.call(SwitchToWindowIndexKeyword.groovy)
	at com.kms.katalon.core.webui.keyword.internal.WebUIKeywordMain.runKeyword(WebUIKeywordMain.groovy:20)
	... 19 more


2023-05-22 01:04:45 - [TEST_STEP][PASSED] - Start listener action : executeRows: com.kms.katalon.keyword.testsuite.RerunKeyword.isStringBelongToList is PASSED

2023-05-22 01:04:45 - [MESSAGE][PASSED] - com.kms.katalon.keyword.testsuite.RerunKeyword.isStringBelongToList is PASSED

2023-05-22 01:04:45 - [TEST_STEP][PASSED] - comment("Practica 9"): Practica 9

2023-05-22 01:04:45 - [MESSAGE][INFO] - Practica 9

2023-05-22 01:04:45 - [TEST_STEP][PASSED] - IndiceVentanaActual = getWindowIndex(): Current window's index is: 0

2023-05-22 01:04:45 - [MESSAGE][PASSED] - Current window's index is: 0

2023-05-22 01:04:45 - [TEST_STEP][FAILED] - switchToWindowIndex(IndiceVentanaActual + 1): Unable to switch to window with index: '1' (Root cause: com.kms.katalon.core.exception.StepFailedException: Unable to switch to window with index: '1'
	at com.kms.katalon.core.webui.keyword.internal.WebUIKeywordMain.stepFailed(WebUIKeywordMain.groovy:64)
	at com.kms.katalon.core.webui.keyword.internal.WebUIKeywordMain.runKeyword(WebUIKeywordMain.groovy:26)
	at com.kms.katalon.core.webui.keyword.builtin.SwitchToWindowIndexKeyword.switchToWindowIndex(SwitchToWindowIndexKeyword.groovy:85)
	at com.kms.katalon.core.webui.keyword.builtin.SwitchToWindowIndexKeyword.execute(SwitchToWindowIndexKeyword.groovy:67)
	at com.kms.katalon.core.keyword.internal.KeywordExecutor.executeKeywordForPlatform(KeywordExecutor.groovy:74)
	at com.kms.katalon.core.webui.keyword.WebUiBuiltInKeywords.switchToWindowIndex(WebUiBuiltInKeywords.groovy:1891)
	at com.kms.katalon.core.webui.keyword.WebUiBuiltInKeywords$switchToWindowIndex$6.call(Unknown Source)
	at CopiarTextoDeUnaVentanaAOtra.run(CopiarTextoDeUnaVentanaAOtra:26)
	at com.kms.katalon.core.main.ScriptEngine.run(ScriptEngine.java:194)
	at com.kms.katalon.core.main.ScriptEngine.runScriptAsRawText(ScriptEngine.java:119)
	at com.kms.katalon.core.main.TestCaseExecutor.runScript(TestCaseExecutor.java:448)
	at com.kms.katalon.core.main.TestCaseExecutor.doExecute(TestCaseExecutor.java:439)
	at com.kms.katalon.core.main.TestCaseExecutor.processExecutionPhase(TestCaseExecutor.java:418)
	at com.kms.katalon.core.main.TestCaseExecutor.accessMainPhase(TestCaseExecutor.java:410)
	at com.kms.katalon.core.main.TestCaseExecutor.execute(TestCaseExecutor.java:285)
	at com.kms.katalon.core.common.CommonExecutor.accessTestCaseMainPhase(CommonExecutor.java:65)
	at com.kms.katalon.core.main.TestSuiteExecutor.accessTestSuiteMainPhase(TestSuiteExecutor.java:148)
	at com.kms.katalon.core.main.TestSuiteExecutor.execute(TestSuiteExecutor.java:106)
	at com.kms.katalon.core.main.TestCaseMain.startTestSuite(TestCaseMain.java:187)
	at com.kms.katalon.core.main.TestCaseMain$startTestSuite$0.call(Unknown Source)
	at TempTestSuite1684710272778.run(TempTestSuite1684710272778.groovy:36)
Caused by: com.kms.katalon.core.exception.StepFailedException: Cannot find window with index: '1'
	at com.kms.katalon.core.webui.keyword.internal.WebUIKeywordMain.stepFailed(WebUIKeywordMain.groovy:64)
	at com.kms.katalon.core.webui.keyword.builtin.SwitchToWindowIndexKeyword$_switchToWindowIndex_closure1.doCall(SwitchToWindowIndexKeyword.groovy:83)
	at com.kms.katalon.core.webui.keyword.builtin.SwitchToWindowIndexKeyword$_switchToWindowIndex_closure1.call(SwitchToWindowIndexKeyword.groovy)
	at com.kms.katalon.core.webui.keyword.internal.WebUIKeywordMain.runKeyword(WebUIKeywordMain.groovy:20)
	... 19 more
)

2023-05-22 01:05:17 - [MESSAGE][FAILED] - Cannot find window with index: '1' (Root cause: com.kms.katalon.core.exception.StepFailedException: Cannot find window with index: '1'
	at com.kms.katalon.core.webui.keyword.internal.WebUIKeywordMain.stepFailed(WebUIKeywordMain.groovy:64)
	at com.kms.katalon.core.webui.keyword.builtin.SwitchToWindowIndexKeyword$_switchToWindowIndex_closure1.doCall(SwitchToWindowIndexKeyword.groovy:83)
	at com.kms.katalon.core.webui.keyword.builtin.SwitchToWindowIndexKeyword$_switchToWindowIndex_closure1.call(SwitchToWindowIndexKeyword.groovy)
	at com.kms.katalon.core.webui.keyword.internal.WebUIKeywordMain.runKeyword(WebUIKeywordMain.groovy:20)
	at com.kms.katalon.core.webui.keyword.builtin.SwitchToWindowIndexKeyword.switchToWindowIndex(SwitchToWindowIndexKeyword.groovy:85)
	at com.kms.katalon.core.webui.keyword.builtin.SwitchToWindowIndexKeyword.execute(SwitchToWindowIndexKeyword.groovy:67)
	at com.kms.katalon.core.keyword.internal.KeywordExecutor.executeKeywordForPlatform(KeywordExecutor.groovy:74)
	at com.kms.katalon.core.webui.keyword.WebUiBuiltInKeywords.switchToWindowIndex(WebUiBuiltInKeywords.groovy:1891)
	at com.kms.katalon.core.webui.keyword.WebUiBuiltInKeywords$switchToWindowIndex$6.call(Unknown Source)
	at CopiarTextoDeUnaVentanaAOtra.run(CopiarTextoDeUnaVentanaAOtra:26)
	at com.kms.katalon.core.main.ScriptEngine.run(ScriptEngine.java:194)
	at com.kms.katalon.core.main.ScriptEngine.runScriptAsRawText(ScriptEngine.java:119)
	at com.kms.katalon.core.main.TestCaseExecutor.runScript(TestCaseExecutor.java:448)
	at com.kms.katalon.core.main.TestCaseExecutor.doExecute(TestCaseExecutor.java:439)
	at com.kms.katalon.core.main.TestCaseExecutor.processExecutionPhase(TestCaseExecutor.java:418)
	at com.kms.katalon.core.main.TestCaseExecutor.accessMainPhase(TestCaseExecutor.java:410)
	at com.kms.katalon.core.main.TestCaseExecutor.execute(TestCaseExecutor.java:285)
	at com.kms.katalon.core.common.CommonExecutor.accessTestCaseMainPhase(CommonExecutor.java:65)
	at com.kms.katalon.core.main.TestSuiteExecutor.accessTestSuiteMainPhase(TestSuiteExecutor.java:148)
	at com.kms.katalon.core.main.TestSuiteExecutor.execute(TestSuiteExecutor.java:106)
	at com.kms.katalon.core.main.TestCaseMain.startTestSuite(TestCaseMain.java:187)
	at com.kms.katalon.core.main.TestCaseMain$startTestSuite$0.call(Unknown Source)
	at TempTestSuite1684710272778.run(TempTestSuite1684710272778.groovy:36)
)
[[ATTACHMENT|C:\\Users\\aleja\\Katalon Studio\\practicaselenium\\Reports\\20230522_010431\\SuitesProblemasHabitualesAutomatizacion\\SuitesProblemasAuto\\20230522_010432\\1684710317059.png]]

2023-05-22 01:05:18 - [MESSAGE][FAILED] - Unable to switch to window with index: '1' (Root cause: com.kms.katalon.core.exception.StepFailedException: Unable to switch to window with index: '1'
	at com.kms.katalon.core.webui.keyword.internal.WebUIKeywordMain.stepFailed(WebUIKeywordMain.groovy:64)
	at com.kms.katalon.core.webui.keyword.internal.WebUIKeywordMain.runKeyword(WebUIKeywordMain.groovy:26)
	at com.kms.katalon.core.webui.keyword.builtin.SwitchToWindowIndexKeyword.switchToWindowIndex(SwitchToWindowIndexKeyword.groovy:85)
	at com.kms.katalon.core.webui.keyword.builtin.SwitchToWindowIndexKeyword.execute(SwitchToWindowIndexKeyword.groovy:67)
	at com.kms.katalon.core.keyword.internal.KeywordExecutor.executeKeywordForPlatform(KeywordExecutor.groovy:74)
	at com.kms.katalon.core.webui.keyword.WebUiBuiltInKeywords.switchToWindowIndex(WebUiBuiltInKeywords.groovy:1891)
	at com.kms.katalon.core.webui.keyword.WebUiBuiltInKeywords$switchToWindowIndex$6.call(Unknown Source)
	at CopiarTextoDeUnaVentanaAOtra.run(CopiarTextoDeUnaVentanaAOtra:26)
	at com.kms.katalon.core.main.ScriptEngine.run(ScriptEngine.java:194)
	at com.kms.katalon.core.main.ScriptEngine.runScriptAsRawText(ScriptEngine.java:119)
	at com.kms.katalon.core.main.TestCaseExecutor.runScript(TestCaseExecutor.java:448)
	at com.kms.katalon.core.main.TestCaseExecutor.doExecute(TestCaseExecutor.java:439)
	at com.kms.katalon.core.main.TestCaseExecutor.processExecutionPhase(TestCaseExecutor.java:418)
	at com.kms.katalon.core.main.TestCaseExecutor.accessMainPhase(TestCaseExecutor.java:410)
	at com.kms.katalon.core.main.TestCaseExecutor.execute(TestCaseExecutor.java:285)
	at com.kms.katalon.core.common.CommonExecutor.accessTestCaseMainPhase(CommonExecutor.java:65)
	at com.kms.katalon.core.main.TestSuiteExecutor.accessTestSuiteMainPhase(TestSuiteExecutor.java:148)
	at com.kms.katalon.core.main.TestSuiteExecutor.execute(TestSuiteExecutor.java:106)
	at com.kms.katalon.core.main.TestCaseMain.startTestSuite(TestCaseMain.java:187)
	at com.kms.katalon.core.main.TestCaseMain$startTestSuite$0.call(Unknown Source)
	at TempTestSuite1684710272778.run(TempTestSuite1684710272778.groovy:36)
Caused by: com.kms.katalon.core.exception.StepFailedException: Cannot find window with index: '1'
	at com.kms.katalon.core.webui.keyword.internal.WebUIKeywordMain.stepFailed(WebUIKeywordMain.groovy:64)
	at com.kms.katalon.core.webui.keyword.builtin.SwitchToWindowIndexKeyword$_switchToWindowIndex_closure1.doCall(SwitchToWindowIndexKeyword.groovy:83)
	at com.kms.katalon.core.webui.keyword.builtin.SwitchToWindowIndexKeyword$_switchToWindowIndex_closure1.call(SwitchToWindowIndexKeyword.groovy)
	at com.kms.katalon.core.webui.keyword.internal.WebUIKeywordMain.runKeyword(WebUIKeywordMain.groovy:20)
	... 19 more
)
[[ATTACHMENT|C:\\Users\\aleja\\Katalon Studio\\practicaselenium\\Reports\\20230522_010431\\SuitesProblemasHabitualesAutomatizacion\\SuitesProblemasAuto\\20230522_010432\\1684710317779.png]]

2023-05-22 01:05:18 - [TEST_STEP][PASSED] - Start listener action : sampleAfterTestCase: null

2023-05-22 01:05:18 - [TEST_STEP][PASSED] - Start listener action : addFailedTCToList: com.kms.katalon.keyword.testsuite.RerunKeyword.isStringBelongToList is PASSED

2023-05-22 01:05:18 - [MESSAGE][PASSED] - com.kms.katalon.keyword.testsuite.RerunKeyword.isStringBelongToList is PASSED

2023-05-22 01:05:18 - [MESSAGE][PASSED] - com.kms.katalon.keyword.testsuite.RerunKeyword.isStringBelongToList is PASSED]]></system-out>
         <system-err><![CDATA[2023-05-22 01:04:45 - [TEST_CASE][FAILED] - Test Cases/SolucionEnscriptsIndividuales/CopiarTextoDeUnaVentanaAOtra: Test Cases/SolucionEnscriptsIndividuales/CopiarTextoDeUnaVentanaAOtra FAILED.
Reason:
com.kms.katalon.core.exception.StepFailedException: Unable to switch to window with index: '1'
	at com.kms.katalon.core.webui.keyword.internal.WebUIKeywordMain.stepFailed(WebUIKeywordMain.groovy:64)
	at com.kms.katalon.core.webui.keyword.internal.WebUIKeywordMain.runKeyword(WebUIKeywordMain.groovy:26)
	at com.kms.katalon.core.webui.keyword.builtin.SwitchToWindowIndexKeyword.switchToWindowIndex(SwitchToWindowIndexKeyword.groovy:85)
	at com.kms.katalon.core.webui.keyword.builtin.SwitchToWindowIndexKeyword.execute(SwitchToWindowIndexKeyword.groovy:67)
	at com.kms.katalon.core.keyword.internal.KeywordExecutor.executeKeywordForPlatform(KeywordExecutor.groovy:74)
	at com.kms.katalon.core.webui.keyword.WebUiBuiltInKeywords.switchToWindowIndex(WebUiBuiltInKeywords.groovy:1891)
	at com.kms.katalon.core.webui.keyword.WebUiBuiltInKeywords$switchToWindowIndex$6.call(Unknown Source)
	at CopiarTextoDeUnaVentanaAOtra.run(CopiarTextoDeUnaVentanaAOtra:26)
	at com.kms.katalon.core.main.ScriptEngine.run(ScriptEngine.java:194)
	at com.kms.katalon.core.main.ScriptEngine.runScriptAsRawText(ScriptEngine.java:119)
	at com.kms.katalon.core.main.TestCaseExecutor.runScript(TestCaseExecutor.java:448)
	at com.kms.katalon.core.main.TestCaseExecutor.doExecute(TestCaseExecutor.java:439)
	at com.kms.katalon.core.main.TestCaseExecutor.processExecutionPhase(TestCaseExecutor.java:418)
	at com.kms.katalon.core.main.TestCaseExecutor.accessMainPhase(TestCaseExecutor.java:410)
	at com.kms.katalon.core.main.TestCaseExecutor.execute(TestCaseExecutor.java:285)
	at com.kms.katalon.core.common.CommonExecutor.accessTestCaseMainPhase(CommonExecutor.java:65)
	at com.kms.katalon.core.main.TestSuiteExecutor.accessTestSuiteMainPhase(TestSuiteExecutor.java:148)
	at com.kms.katalon.core.main.TestSuiteExecutor.execute(TestSuiteExecutor.java:106)
	at com.kms.katalon.core.main.TestCaseMain.startTestSuite(TestCaseMain.java:187)
	at com.kms.katalon.core.main.TestCaseMain$startTestSuite$0.call(Unknown Source)
	at TempTestSuite1684710272778.run(TempTestSuite1684710272778.groovy:36)
Caused by: com.kms.katalon.core.exception.StepFailedException: Cannot find window with index: '1'
	at com.kms.katalon.core.webui.keyword.internal.WebUIKeywordMain.stepFailed(WebUIKeywordMain.groovy:64)
	at com.kms.katalon.core.webui.keyword.builtin.SwitchToWindowIndexKeyword$_switchToWindowIndex_closure1.doCall(SwitchToWindowIndexKeyword.groovy:83)
	at com.kms.katalon.core.webui.keyword.builtin.SwitchToWindowIndexKeyword$_switchToWindowIndex_closure1.call(SwitchToWindowIndexKeyword.groovy)
	at com.kms.katalon.core.webui.keyword.internal.WebUIKeywordMain.runKeyword(WebUIKeywordMain.groovy:20)
	... 19 more]]></system-err>
      </testcase>
      <testcase name="Test Cases/SolucionEnscriptsIndividuales/CopiarUnElementoDentroDeOtro" time="0.25" classname="Test Cases/SolucionEnscriptsIndividuales/CopiarUnElementoDentroDeOtro" status="ERROR">
         <error type="ERROR" message="Test Cases/SolucionEnscriptsIndividuales/CopiarUnElementoDentroDeOtro FAILED.
Reason:
org.codehaus.groovy.control.MultipleCompilationErrorsException: startup failed:
file:/C:/Users/aleja/Katalon%20Studio/practicaselenium/Scripts/SolucionEnscriptsIndividuales/CopiarUnElementoDentroDeOtro/Script1684709226332.groovy: 22: unable to resolve class By 
 @ line 22, column 4.
   By Sourcelevel10 = By.id('source')
      ^

file:/C:/Users/aleja/Katalon%20Studio/practicaselenium/Scripts/SolucionEnscriptsIndividuales/CopiarUnElementoDentroDeOtro/Script1684709226332.groovy: 24: unable to resolve class By 
 @ line 24, column 4.
   By Targetlevel10 = By.id('target')
      ^

file:/C:/Users/aleja/Katalon%20Studio/practicaselenium/Scripts/SolucionEnscriptsIndividuales/CopiarUnElementoDentroDeOtro/Script1684709226332.groovy: 27: unable to resolve class Actions 
 @ line 27, column 9.
   Actions action = new Actions(driver)
           ^

file:/C:/Users/aleja/Katalon%20Studio/practicaselenium/Scripts/SolucionEnscriptsIndividuales/CopiarUnElementoDentroDeOtro/Script1684709226332.groovy: 27: unable to resolve class Actions 
 @ line 27, column 18.
   Actions action = new Actions(driver)
                    ^

file:/C:/Users/aleja/Katalon%20Studio/practicaselenium/Scripts/SolucionEnscriptsIndividuales/CopiarUnElementoDentroDeOtro/Script1684709226332.groovy: 29: unable to resolve class WebElement 
 @ line 29, column 12.
   WebElement from = driver.findElement(Sourcelevel10)
              ^

file:/C:/Users/aleja/Katalon%20Studio/practicaselenium/Scripts/SolucionEnscriptsIndividuales/CopiarUnElementoDentroDeOtro/Script1684709226332.groovy: 31: unable to resolve class WebElement 
 @ line 31, column 12.
   WebElement to = driver.findElement(Targetlevel10)
              ^

6 errors

	at com.kms.katalon.core.main.ScriptEngine.getScript(ScriptEngine.java:199)
	at com.kms.katalon.core.main.ScriptEngine.run(ScriptEngine.java:194)
	at com.kms.katalon.core.main.ScriptEngine.runScriptAsRawText(ScriptEngine.java:119)
	at com.kms.katalon.core.main.TestCaseExecutor.runScript(TestCaseExecutor.java:448)
	at com.kms.katalon.core.main.TestCaseExecutor.doExecute(TestCaseExecutor.java:439)
	at com.kms.katalon.core.main.TestCaseExecutor.processExecutionPhase(TestCaseExecutor.java:418)
	at com.kms.katalon.core.main.TestCaseExecutor.accessMainPhase(TestCaseExecutor.java:410)
	at com.kms.katalon.core.main.TestCaseExecutor.execute(TestCaseExecutor.java:285)
	at com.kms.katalon.core.common.CommonExecutor.accessTestCaseMainPhase(CommonExecutor.java:65)
	at com.kms.katalon.core.main.TestSuiteExecutor.accessTestSuiteMainPhase(TestSuiteExecutor.java:148)
	at com.kms.katalon.core.main.TestSuiteExecutor.execute(TestSuiteExecutor.java:106)
	at com.kms.katalon.core.main.TestCaseMain.startTestSuite(TestCaseMain.java:187)
	at com.kms.katalon.core.main.TestCaseMain$startTestSuite$0.call(Unknown Source)
	at TempTestSuite1684710272778.run(TempTestSuite1684710272778.groovy:36)
"/>
         <system-out><![CDATA[2023-05-22 01:05:18 - [TEST_CASE][ERROR] - Test Cases/SolucionEnscriptsIndividuales/CopiarUnElementoDentroDeOtro: Test Cases/SolucionEnscriptsIndividuales/CopiarUnElementoDentroDeOtro FAILED.
Reason:
org.codehaus.groovy.control.MultipleCompilationErrorsException: startup failed:
file:/C:/Users/aleja/Katalon%20Studio/practicaselenium/Scripts/SolucionEnscriptsIndividuales/CopiarUnElementoDentroDeOtro/Script1684709226332.groovy: 22: unable to resolve class By 
 @ line 22, column 4.
   By Sourcelevel10 = By.id('source')
      ^

file:/C:/Users/aleja/Katalon%20Studio/practicaselenium/Scripts/SolucionEnscriptsIndividuales/CopiarUnElementoDentroDeOtro/Script1684709226332.groovy: 24: unable to resolve class By 
 @ line 24, column 4.
   By Targetlevel10 = By.id('target')
      ^

file:/C:/Users/aleja/Katalon%20Studio/practicaselenium/Scripts/SolucionEnscriptsIndividuales/CopiarUnElementoDentroDeOtro/Script1684709226332.groovy: 27: unable to resolve class Actions 
 @ line 27, column 9.
   Actions action = new Actions(driver)
           ^

file:/C:/Users/aleja/Katalon%20Studio/practicaselenium/Scripts/SolucionEnscriptsIndividuales/CopiarUnElementoDentroDeOtro/Script1684709226332.groovy: 27: unable to resolve class Actions 
 @ line 27, column 18.
   Actions action = new Actions(driver)
                    ^

file:/C:/Users/aleja/Katalon%20Studio/practicaselenium/Scripts/SolucionEnscriptsIndividuales/CopiarUnElementoDentroDeOtro/Script1684709226332.groovy: 29: unable to resolve class WebElement 
 @ line 29, column 12.
   WebElement from = driver.findElement(Sourcelevel10)
              ^

file:/C:/Users/aleja/Katalon%20Studio/practicaselenium/Scripts/SolucionEnscriptsIndividuales/CopiarUnElementoDentroDeOtro/Script1684709226332.groovy: 31: unable to resolve class WebElement 
 @ line 31, column 12.
   WebElement to = driver.findElement(Targetlevel10)
              ^

6 errors

	at com.kms.katalon.core.main.ScriptEngine.getScript(ScriptEngine.java:199)
	at com.kms.katalon.core.main.ScriptEngine.run(ScriptEngine.java:194)
	at com.kms.katalon.core.main.ScriptEngine.runScriptAsRawText(ScriptEngine.java:119)
	at com.kms.katalon.core.main.TestCaseExecutor.runScript(TestCaseExecutor.java:448)
	at com.kms.katalon.core.main.TestCaseExecutor.doExecute(TestCaseExecutor.java:439)
	at com.kms.katalon.core.main.TestCaseExecutor.processExecutionPhase(TestCaseExecutor.java:418)
	at com.kms.katalon.core.main.TestCaseExecutor.accessMainPhase(TestCaseExecutor.java:410)
	at com.kms.katalon.core.main.TestCaseExecutor.execute(TestCaseExecutor.java:285)
	at com.kms.katalon.core.common.CommonExecutor.accessTestCaseMainPhase(CommonExecutor.java:65)
	at com.kms.katalon.core.main.TestSuiteExecutor.accessTestSuiteMainPhase(TestSuiteExecutor.java:148)
	at com.kms.katalon.core.main.TestSuiteExecutor.execute(TestSuiteExecutor.java:106)
	at com.kms.katalon.core.main.TestCaseMain.startTestSuite(TestCaseMain.java:187)
	at com.kms.katalon.core.main.TestCaseMain$startTestSuite$0.call(Unknown Source)
	at TempTestSuite1684710272778.run(TempTestSuite1684710272778.groovy:36)


2023-05-22 01:05:18 - [TEST_STEP][PASSED] - Start listener action : executeRows: com.kms.katalon.keyword.testsuite.RerunKeyword.isStringBelongToList is PASSED

2023-05-22 01:05:18 - [MESSAGE][PASSED] - com.kms.katalon.keyword.testsuite.RerunKeyword.isStringBelongToList is PASSED

2023-05-22 01:05:18 - [TEST_STEP][PASSED] - Start listener action : sampleAfterTestCase: null

2023-05-22 01:05:18 - [TEST_STEP][PASSED] - Start listener action : addFailedTCToList: com.kms.katalon.keyword.testsuite.RerunKeyword.isStringBelongToList is PASSED

2023-05-22 01:05:18 - [MESSAGE][PASSED] - com.kms.katalon.keyword.testsuite.RerunKeyword.isStringBelongToList is PASSED

2023-05-22 01:05:18 - [MESSAGE][PASSED] - com.kms.katalon.keyword.testsuite.RerunKeyword.isStringBelongToList is PASSED]]></system-out>
         <system-err><![CDATA[2023-05-22 01:05:18 - [TEST_CASE][ERROR] - Test Cases/SolucionEnscriptsIndividuales/CopiarUnElementoDentroDeOtro: Test Cases/SolucionEnscriptsIndividuales/CopiarUnElementoDentroDeOtro FAILED.
Reason:
org.codehaus.groovy.control.MultipleCompilationErrorsException: startup failed:
file:/C:/Users/aleja/Katalon%20Studio/practicaselenium/Scripts/SolucionEnscriptsIndividuales/CopiarUnElementoDentroDeOtro/Script1684709226332.groovy: 22: unable to resolve class By 
 @ line 22, column 4.
   By Sourcelevel10 = By.id('source')
      ^

file:/C:/Users/aleja/Katalon%20Studio/practicaselenium/Scripts/SolucionEnscriptsIndividuales/CopiarUnElementoDentroDeOtro/Script1684709226332.groovy: 24: unable to resolve class By 
 @ line 24, column 4.
   By Targetlevel10 = By.id('target')
      ^

file:/C:/Users/aleja/Katalon%20Studio/practicaselenium/Scripts/SolucionEnscriptsIndividuales/CopiarUnElementoDentroDeOtro/Script1684709226332.groovy: 27: unable to resolve class Actions 
 @ line 27, column 9.
   Actions action = new Actions(driver)
           ^

file:/C:/Users/aleja/Katalon%20Studio/practicaselenium/Scripts/SolucionEnscriptsIndividuales/CopiarUnElementoDentroDeOtro/Script1684709226332.groovy: 27: unable to resolve class Actions 
 @ line 27, column 18.
   Actions action = new Actions(driver)
                    ^

file:/C:/Users/aleja/Katalon%20Studio/practicaselenium/Scripts/SolucionEnscriptsIndividuales/CopiarUnElementoDentroDeOtro/Script1684709226332.groovy: 29: unable to resolve class WebElement 
 @ line 29, column 12.
   WebElement from = driver.findElement(Sourcelevel10)
              ^

file:/C:/Users/aleja/Katalon%20Studio/practicaselenium/Scripts/SolucionEnscriptsIndividuales/CopiarUnElementoDentroDeOtro/Script1684709226332.groovy: 31: unable to resolve class WebElement 
 @ line 31, column 12.
   WebElement to = driver.findElement(Targetlevel10)
              ^

6 errors

	at com.kms.katalon.core.main.ScriptEngine.getScript(ScriptEngine.java:199)
	at com.kms.katalon.core.main.ScriptEngine.run(ScriptEngine.java:194)
	at com.kms.katalon.core.main.ScriptEngine.runScriptAsRawText(ScriptEngine.java:119)
	at com.kms.katalon.core.main.TestCaseExecutor.runScript(TestCaseExecutor.java:448)
	at com.kms.katalon.core.main.TestCaseExecutor.doExecute(TestCaseExecutor.java:439)
	at com.kms.katalon.core.main.TestCaseExecutor.processExecutionPhase(TestCaseExecutor.java:418)
	at com.kms.katalon.core.main.TestCaseExecutor.accessMainPhase(TestCaseExecutor.java:410)
	at com.kms.katalon.core.main.TestCaseExecutor.execute(TestCaseExecutor.java:285)
	at com.kms.katalon.core.common.CommonExecutor.accessTestCaseMainPhase(CommonExecutor.java:65)
	at com.kms.katalon.core.main.TestSuiteExecutor.accessTestSuiteMainPhase(TestSuiteExecutor.java:148)
	at com.kms.katalon.core.main.TestSuiteExecutor.execute(TestSuiteExecutor.java:106)
	at com.kms.katalon.core.main.TestCaseMain.startTestSuite(TestCaseMain.java:187)
	at com.kms.katalon.core.main.TestCaseMain$startTestSuite$0.call(Unknown Source)
	at TempTestSuite1684710272778.run(TempTestSuite1684710272778.groovy:36)]]></system-err>
      </testcase>
      <testcase name="Test Cases/SolucionEnscriptsIndividuales/VerificacionApareceTexto" time="32.455" classname="Test Cases/SolucionEnscriptsIndividuales/VerificacionApareceTexto" status="FAILED">
         <failure type="FAILED" message="Test Cases/SolucionEnscriptsIndividuales/VerificacionApareceTexto FAILED.
Reason:
com.kms.katalon.core.exception.StepFailedException: Verify element text of test object 'Object Repository/AllTestLevel/TextoFinalPractica' FAILED.
	at com.kms.katalon.core.webui.keyword.internal.WebUIKeywordMain.stepFailed(WebUIKeywordMain.groovy:64)
	at com.kms.katalon.core.webui.keyword.internal.WebUIKeywordMain.runKeyword(WebUIKeywordMain.groovy:26)
	at com.kms.katalon.core.webui.keyword.builtin.VerifyElementTextKeyword.verifyElementText(VerifyElementTextKeyword.groovy:72)
	at com.kms.katalon.core.webui.keyword.builtin.VerifyElementTextKeyword.execute(VerifyElementTextKeyword.groovy:40)
	at com.kms.katalon.core.keyword.internal.KeywordExecutor.executeKeywordForPlatform(KeywordExecutor.groovy:74)
	at com.kms.katalon.core.webui.keyword.WebUiBuiltInKeywords.verifyElementText(WebUiBuiltInKeywords.groovy:4749)
	at com.kms.katalon.core.webui.keyword.WebUiBuiltInKeywords$verifyElementText$7.call(Unknown Source)
	at VerificacionApareceTexto.run(VerificacionApareceTexto:20)
	at com.kms.katalon.core.main.ScriptEngine.run(ScriptEngine.java:194)
	at com.kms.katalon.core.main.ScriptEngine.runScriptAsRawText(ScriptEngine.java:119)
	at com.kms.katalon.core.main.TestCaseExecutor.runScript(TestCaseExecutor.java:448)
	at com.kms.katalon.core.main.TestCaseExecutor.doExecute(TestCaseExecutor.java:439)
	at com.kms.katalon.core.main.TestCaseExecutor.processExecutionPhase(TestCaseExecutor.java:418)
	at com.kms.katalon.core.main.TestCaseExecutor.accessMainPhase(TestCaseExecutor.java:410)
	at com.kms.katalon.core.main.TestCaseExecutor.execute(TestCaseExecutor.java:285)
	at com.kms.katalon.core.common.CommonExecutor.accessTestCaseMainPhase(CommonExecutor.java:65)
	at com.kms.katalon.core.main.TestSuiteExecutor.accessTestSuiteMainPhase(TestSuiteExecutor.java:148)
	at com.kms.katalon.core.main.TestSuiteExecutor.execute(TestSuiteExecutor.java:106)
	at com.kms.katalon.core.main.TestCaseMain.startTestSuite(TestCaseMain.java:187)
	at com.kms.katalon.core.main.TestCaseMain$startTestSuite$0.call(Unknown Source)
	at TempTestSuite1684710272778.run(TempTestSuite1684710272778.groovy:36)
Caused by: com.kms.katalon.core.exception.StepFailedException: com.kms.katalon.core.webui.exception.WebElementNotFoundException: Web element with id: 'Object Repository/AllTestLevel/TextoFinalPractica' located by '//h1[contains(text(),'¡Enhorabuena! Has llegado al final de la práctica')]' not found
	at com.kms.katalon.core.webui.keyword.internal.WebUIKeywordMain.stepFailed(WebUIKeywordMain.groovy:64)
	at com.kms.katalon.core.webui.keyword.builtin.VerifyElementTextKeyword$_verifyElementText_closure1.doCall(VerifyElementTextKeyword.groovy:64)
	at com.kms.katalon.core.webui.keyword.builtin.VerifyElementTextKeyword$_verifyElementText_closure1.call(VerifyElementTextKeyword.groovy)
	at com.kms.katalon.core.webui.keyword.internal.WebUIKeywordMain.runKeyword(WebUIKeywordMain.groovy:20)
	... 19 more
"/>
         <system-out><![CDATA[2023-05-22 01:05:18 - [TEST_CASE][FAILED] - Test Cases/SolucionEnscriptsIndividuales/VerificacionApareceTexto: Test Cases/SolucionEnscriptsIndividuales/VerificacionApareceTexto FAILED.
Reason:
com.kms.katalon.core.exception.StepFailedException: Verify element text of test object 'Object Repository/AllTestLevel/TextoFinalPractica' FAILED.
	at com.kms.katalon.core.webui.keyword.internal.WebUIKeywordMain.stepFailed(WebUIKeywordMain.groovy:64)
	at com.kms.katalon.core.webui.keyword.internal.WebUIKeywordMain.runKeyword(WebUIKeywordMain.groovy:26)
	at com.kms.katalon.core.webui.keyword.builtin.VerifyElementTextKeyword.verifyElementText(VerifyElementTextKeyword.groovy:72)
	at com.kms.katalon.core.webui.keyword.builtin.VerifyElementTextKeyword.execute(VerifyElementTextKeyword.groovy:40)
	at com.kms.katalon.core.keyword.internal.KeywordExecutor.executeKeywordForPlatform(KeywordExecutor.groovy:74)
	at com.kms.katalon.core.webui.keyword.WebUiBuiltInKeywords.verifyElementText(WebUiBuiltInKeywords.groovy:4749)
	at com.kms.katalon.core.webui.keyword.WebUiBuiltInKeywords$verifyElementText$7.call(Unknown Source)
	at VerificacionApareceTexto.run(VerificacionApareceTexto:20)
	at com.kms.katalon.core.main.ScriptEngine.run(ScriptEngine.java:194)
	at com.kms.katalon.core.main.ScriptEngine.runScriptAsRawText(ScriptEngine.java:119)
	at com.kms.katalon.core.main.TestCaseExecutor.runScript(TestCaseExecutor.java:448)
	at com.kms.katalon.core.main.TestCaseExecutor.doExecute(TestCaseExecutor.java:439)
	at com.kms.katalon.core.main.TestCaseExecutor.processExecutionPhase(TestCaseExecutor.java:418)
	at com.kms.katalon.core.main.TestCaseExecutor.accessMainPhase(TestCaseExecutor.java:410)
	at com.kms.katalon.core.main.TestCaseExecutor.execute(TestCaseExecutor.java:285)
	at com.kms.katalon.core.common.CommonExecutor.accessTestCaseMainPhase(CommonExecutor.java:65)
	at com.kms.katalon.core.main.TestSuiteExecutor.accessTestSuiteMainPhase(TestSuiteExecutor.java:148)
	at com.kms.katalon.core.main.TestSuiteExecutor.execute(TestSuiteExecutor.java:106)
	at com.kms.katalon.core.main.TestCaseMain.startTestSuite(TestCaseMain.java:187)
	at com.kms.katalon.core.main.TestCaseMain$startTestSuite$0.call(Unknown Source)
	at TempTestSuite1684710272778.run(TempTestSuite1684710272778.groovy:36)
Caused by: com.kms.katalon.core.exception.StepFailedException: com.kms.katalon.core.webui.exception.WebElementNotFoundException: Web element with id: 'Object Repository/AllTestLevel/TextoFinalPractica' located by '//h1[contains(text(),'¡Enhorabuena! Has llegado al final de la práctica')]' not found
	at com.kms.katalon.core.webui.keyword.internal.WebUIKeywordMain.stepFailed(WebUIKeywordMain.groovy:64)
	at com.kms.katalon.core.webui.keyword.builtin.VerifyElementTextKeyword$_verifyElementText_closure1.doCall(VerifyElementTextKeyword.groovy:64)
	at com.kms.katalon.core.webui.keyword.builtin.VerifyElementTextKeyword$_verifyElementText_closure1.call(VerifyElementTextKeyword.groovy)
	at com.kms.katalon.core.webui.keyword.internal.WebUIKeywordMain.runKeyword(WebUIKeywordMain.groovy:20)
	... 19 more


2023-05-22 01:05:18 - [TEST_STEP][PASSED] - Start listener action : executeRows: com.kms.katalon.keyword.testsuite.RerunKeyword.isStringBelongToList is PASSED

2023-05-22 01:05:18 - [MESSAGE][PASSED] - com.kms.katalon.keyword.testsuite.RerunKeyword.isStringBelongToList is PASSED

2023-05-22 01:05:18 - [TEST_STEP][FAILED] - verifyElementText(findTestObject("AllTestLevel/TextoFinalPractica"), "¡Enhorabuena! Has llegado al final de la práctica"): Verify element text of test object 'Object Repository/AllTestLevel/TextoFinalPractica' FAILED. (Root cause: com.kms.katalon.core.exception.StepFailedException: Verify element text of test object 'Object Repository/AllTestLevel/TextoFinalPractica' FAILED.
	at com.kms.katalon.core.webui.keyword.internal.WebUIKeywordMain.stepFailed(WebUIKeywordMain.groovy:64)
	at com.kms.katalon.core.webui.keyword.internal.WebUIKeywordMain.runKeyword(WebUIKeywordMain.groovy:26)
	at com.kms.katalon.core.webui.keyword.builtin.VerifyElementTextKeyword.verifyElementText(VerifyElementTextKeyword.groovy:72)
	at com.kms.katalon.core.webui.keyword.builtin.VerifyElementTextKeyword.execute(VerifyElementTextKeyword.groovy:40)
	at com.kms.katalon.core.keyword.internal.KeywordExecutor.executeKeywordForPlatform(KeywordExecutor.groovy:74)
	at com.kms.katalon.core.webui.keyword.WebUiBuiltInKeywords.verifyElementText(WebUiBuiltInKeywords.groovy:4749)
	at com.kms.katalon.core.webui.keyword.WebUiBuiltInKeywords$verifyElementText$7.call(Unknown Source)
	at VerificacionApareceTexto.run(VerificacionApareceTexto:20)
	at com.kms.katalon.core.main.ScriptEngine.run(ScriptEngine.java:194)
	at com.kms.katalon.core.main.ScriptEngine.runScriptAsRawText(ScriptEngine.java:119)
	at com.kms.katalon.core.main.TestCaseExecutor.runScript(TestCaseExecutor.java:448)
	at com.kms.katalon.core.main.TestCaseExecutor.doExecute(TestCaseExecutor.java:439)
	at com.kms.katalon.core.main.TestCaseExecutor.processExecutionPhase(TestCaseExecutor.java:418)
	at com.kms.katalon.core.main.TestCaseExecutor.accessMainPhase(TestCaseExecutor.java:410)
	at com.kms.katalon.core.main.TestCaseExecutor.execute(TestCaseExecutor.java:285)
	at com.kms.katalon.core.common.CommonExecutor.accessTestCaseMainPhase(CommonExecutor.java:65)
	at com.kms.katalon.core.main.TestSuiteExecutor.accessTestSuiteMainPhase(TestSuiteExecutor.java:148)
	at com.kms.katalon.core.main.TestSuiteExecutor.execute(TestSuiteExecutor.java:106)
	at com.kms.katalon.core.main.TestCaseMain.startTestSuite(TestCaseMain.java:187)
	at com.kms.katalon.core.main.TestCaseMain$startTestSuite$0.call(Unknown Source)
	at TempTestSuite1684710272778.run(TempTestSuite1684710272778.groovy:36)
Caused by: com.kms.katalon.core.exception.StepFailedException: com.kms.katalon.core.webui.exception.WebElementNotFoundException: Web element with id: 'Object Repository/AllTestLevel/TextoFinalPractica' located by '//h1[contains(text(),'¡Enhorabuena! Has llegado al final de la práctica')]' not found
	at com.kms.katalon.core.webui.keyword.internal.WebUIKeywordMain.stepFailed(WebUIKeywordMain.groovy:64)
	at com.kms.katalon.core.webui.keyword.builtin.VerifyElementTextKeyword$_verifyElementText_closure1.doCall(VerifyElementTextKeyword.groovy:64)
	at com.kms.katalon.core.webui.keyword.builtin.VerifyElementTextKeyword$_verifyElementText_closure1.call(VerifyElementTextKeyword.groovy)
	at com.kms.katalon.core.webui.keyword.internal.WebUIKeywordMain.runKeyword(WebUIKeywordMain.groovy:20)
	... 19 more
)

2023-05-22 01:05:50 - [MESSAGE][INFO] - Unable to find the element located by 'By.xpath: //h1[contains(text(),'¡Enhorabuena! Has llegado al final de la práctica')]'. Please recheck the objects properties to make sure the desired element is located. 

2023-05-22 01:05:50 - [MESSAGE][FAILED] - com.kms.katalon.core.webui.exception.WebElementNotFoundException: Web element with id: 'Object Repository/AllTestLevel/TextoFinalPractica' located by '//h1[contains(text(),'¡Enhorabuena! Has llegado al final de la práctica')]' not found (Root cause: com.kms.katalon.core.exception.StepFailedException: com.kms.katalon.core.webui.exception.WebElementNotFoundException: Web element with id: 'Object Repository/AllTestLevel/TextoFinalPractica' located by '//h1[contains(text(),'¡Enhorabuena! Has llegado al final de la práctica')]' not found
	at com.kms.katalon.core.webui.keyword.internal.WebUIKeywordMain.stepFailed(WebUIKeywordMain.groovy:64)
	at com.kms.katalon.core.webui.keyword.builtin.VerifyElementTextKeyword$_verifyElementText_closure1.doCall(VerifyElementTextKeyword.groovy:64)
	at com.kms.katalon.core.webui.keyword.builtin.VerifyElementTextKeyword$_verifyElementText_closure1.call(VerifyElementTextKeyword.groovy)
	at com.kms.katalon.core.webui.keyword.internal.WebUIKeywordMain.runKeyword(WebUIKeywordMain.groovy:20)
	at com.kms.katalon.core.webui.keyword.builtin.VerifyElementTextKeyword.verifyElementText(VerifyElementTextKeyword.groovy:72)
	at com.kms.katalon.core.webui.keyword.builtin.VerifyElementTextKeyword.execute(VerifyElementTextKeyword.groovy:40)
	at com.kms.katalon.core.keyword.internal.KeywordExecutor.executeKeywordForPlatform(KeywordExecutor.groovy:74)
	at com.kms.katalon.core.webui.keyword.WebUiBuiltInKeywords.verifyElementText(WebUiBuiltInKeywords.groovy:4749)
	at com.kms.katalon.core.webui.keyword.WebUiBuiltInKeywords$verifyElementText$7.call(Unknown Source)
	at VerificacionApareceTexto.run(VerificacionApareceTexto:20)
	at com.kms.katalon.core.main.ScriptEngine.run(ScriptEngine.java:194)
	at com.kms.katalon.core.main.ScriptEngine.runScriptAsRawText(ScriptEngine.java:119)
	at com.kms.katalon.core.main.TestCaseExecutor.runScript(TestCaseExecutor.java:448)
	at com.kms.katalon.core.main.TestCaseExecutor.doExecute(TestCaseExecutor.java:439)
	at com.kms.katalon.core.main.TestCaseExecutor.processExecutionPhase(TestCaseExecutor.java:418)
	at com.kms.katalon.core.main.TestCaseExecutor.accessMainPhase(TestCaseExecutor.java:410)
	at com.kms.katalon.core.main.TestCaseExecutor.execute(TestCaseExecutor.java:285)
	at com.kms.katalon.core.common.CommonExecutor.accessTestCaseMainPhase(CommonExecutor.java:65)
	at com.kms.katalon.core.main.TestSuiteExecutor.accessTestSuiteMainPhase(TestSuiteExecutor.java:148)
	at com.kms.katalon.core.main.TestSuiteExecutor.execute(TestSuiteExecutor.java:106)
	at com.kms.katalon.core.main.TestCaseMain.startTestSuite(TestCaseMain.java:187)
	at com.kms.katalon.core.main.TestCaseMain$startTestSuite$0.call(Unknown Source)
	at TempTestSuite1684710272778.run(TempTestSuite1684710272778.groovy:36)
)
[[ATTACHMENT|C:\\Users\\aleja\\Katalon Studio\\practicaselenium\\Reports\\20230522_010431\\SuitesProblemasHabitualesAutomatizacion\\SuitesProblemasAuto\\20230522_010432\\1684710350044.png]]

2023-05-22 01:05:51 - [MESSAGE][FAILED] - Verify element text of test object 'Object Repository/AllTestLevel/TextoFinalPractica' FAILED. (Root cause: com.kms.katalon.core.exception.StepFailedException: Verify element text of test object 'Object Repository/AllTestLevel/TextoFinalPractica' FAILED.
	at com.kms.katalon.core.webui.keyword.internal.WebUIKeywordMain.stepFailed(WebUIKeywordMain.groovy:64)
	at com.kms.katalon.core.webui.keyword.internal.WebUIKeywordMain.runKeyword(WebUIKeywordMain.groovy:26)
	at com.kms.katalon.core.webui.keyword.builtin.VerifyElementTextKeyword.verifyElementText(VerifyElementTextKeyword.groovy:72)
	at com.kms.katalon.core.webui.keyword.builtin.VerifyElementTextKeyword.execute(VerifyElementTextKeyword.groovy:40)
	at com.kms.katalon.core.keyword.internal.KeywordExecutor.executeKeywordForPlatform(KeywordExecutor.groovy:74)
	at com.kms.katalon.core.webui.keyword.WebUiBuiltInKeywords.verifyElementText(WebUiBuiltInKeywords.groovy:4749)
	at com.kms.katalon.core.webui.keyword.WebUiBuiltInKeywords$verifyElementText$7.call(Unknown Source)
	at VerificacionApareceTexto.run(VerificacionApareceTexto:20)
	at com.kms.katalon.core.main.ScriptEngine.run(ScriptEngine.java:194)
	at com.kms.katalon.core.main.ScriptEngine.runScriptAsRawText(ScriptEngine.java:119)
	at com.kms.katalon.core.main.TestCaseExecutor.runScript(TestCaseExecutor.java:448)
	at com.kms.katalon.core.main.TestCaseExecutor.doExecute(TestCaseExecutor.java:439)
	at com.kms.katalon.core.main.TestCaseExecutor.processExecutionPhase(TestCaseExecutor.java:418)
	at com.kms.katalon.core.main.TestCaseExecutor.accessMainPhase(TestCaseExecutor.java:410)
	at com.kms.katalon.core.main.TestCaseExecutor.execute(TestCaseExecutor.java:285)
	at com.kms.katalon.core.common.CommonExecutor.accessTestCaseMainPhase(CommonExecutor.java:65)
	at com.kms.katalon.core.main.TestSuiteExecutor.accessTestSuiteMainPhase(TestSuiteExecutor.java:148)
	at com.kms.katalon.core.main.TestSuiteExecutor.execute(TestSuiteExecutor.java:106)
	at com.kms.katalon.core.main.TestCaseMain.startTestSuite(TestCaseMain.java:187)
	at com.kms.katalon.core.main.TestCaseMain$startTestSuite$0.call(Unknown Source)
	at TempTestSuite1684710272778.run(TempTestSuite1684710272778.groovy:36)
Caused by: com.kms.katalon.core.exception.StepFailedException: com.kms.katalon.core.webui.exception.WebElementNotFoundException: Web element with id: 'Object Repository/AllTestLevel/TextoFinalPractica' located by '//h1[contains(text(),'¡Enhorabuena! Has llegado al final de la práctica')]' not found
	at com.kms.katalon.core.webui.keyword.internal.WebUIKeywordMain.stepFailed(WebUIKeywordMain.groovy:64)
	at com.kms.katalon.core.webui.keyword.builtin.VerifyElementTextKeyword$_verifyElementText_closure1.doCall(VerifyElementTextKeyword.groovy:64)
	at com.kms.katalon.core.webui.keyword.builtin.VerifyElementTextKeyword$_verifyElementText_closure1.call(VerifyElementTextKeyword.groovy)
	at com.kms.katalon.core.webui.keyword.internal.WebUIKeywordMain.runKeyword(WebUIKeywordMain.groovy:20)
	... 19 more
)
[[ATTACHMENT|C:\\Users\\aleja\\Katalon Studio\\practicaselenium\\Reports\\20230522_010431\\SuitesProblemasHabitualesAutomatizacion\\SuitesProblemasAuto\\20230522_010432\\1684710350648.png]]

2023-05-22 01:05:51 - [TEST_STEP][PASSED] - Start listener action : sampleAfterTestCase: null

2023-05-22 01:05:51 - [TEST_STEP][PASSED] - Start listener action : addFailedTCToList: com.kms.katalon.keyword.testsuite.RerunKeyword.isStringBelongToList is PASSED

2023-05-22 01:05:51 - [MESSAGE][PASSED] - com.kms.katalon.keyword.testsuite.RerunKeyword.isStringBelongToList is PASSED

2023-05-22 01:05:51 - [MESSAGE][PASSED] - com.kms.katalon.keyword.testsuite.RerunKeyword.isStringBelongToList is PASSED]]></system-out>
         <system-err><![CDATA[2023-05-22 01:05:18 - [TEST_CASE][FAILED] - Test Cases/SolucionEnscriptsIndividuales/VerificacionApareceTexto: Test Cases/SolucionEnscriptsIndividuales/VerificacionApareceTexto FAILED.
Reason:
com.kms.katalon.core.exception.StepFailedException: Verify element text of test object 'Object Repository/AllTestLevel/TextoFinalPractica' FAILED.
	at com.kms.katalon.core.webui.keyword.internal.WebUIKeywordMain.stepFailed(WebUIKeywordMain.groovy:64)
	at com.kms.katalon.core.webui.keyword.internal.WebUIKeywordMain.runKeyword(WebUIKeywordMain.groovy:26)
	at com.kms.katalon.core.webui.keyword.builtin.VerifyElementTextKeyword.verifyElementText(VerifyElementTextKeyword.groovy:72)
	at com.kms.katalon.core.webui.keyword.builtin.VerifyElementTextKeyword.execute(VerifyElementTextKeyword.groovy:40)
	at com.kms.katalon.core.keyword.internal.KeywordExecutor.executeKeywordForPlatform(KeywordExecutor.groovy:74)
	at com.kms.katalon.core.webui.keyword.WebUiBuiltInKeywords.verifyElementText(WebUiBuiltInKeywords.groovy:4749)
	at com.kms.katalon.core.webui.keyword.WebUiBuiltInKeywords$verifyElementText$7.call(Unknown Source)
	at VerificacionApareceTexto.run(VerificacionApareceTexto:20)
	at com.kms.katalon.core.main.ScriptEngine.run(ScriptEngine.java:194)
	at com.kms.katalon.core.main.ScriptEngine.runScriptAsRawText(ScriptEngine.java:119)
	at com.kms.katalon.core.main.TestCaseExecutor.runScript(TestCaseExecutor.java:448)
	at com.kms.katalon.core.main.TestCaseExecutor.doExecute(TestCaseExecutor.java:439)
	at com.kms.katalon.core.main.TestCaseExecutor.processExecutionPhase(TestCaseExecutor.java:418)
	at com.kms.katalon.core.main.TestCaseExecutor.accessMainPhase(TestCaseExecutor.java:410)
	at com.kms.katalon.core.main.TestCaseExecutor.execute(TestCaseExecutor.java:285)
	at com.kms.katalon.core.common.CommonExecutor.accessTestCaseMainPhase(CommonExecutor.java:65)
	at com.kms.katalon.core.main.TestSuiteExecutor.accessTestSuiteMainPhase(TestSuiteExecutor.java:148)
	at com.kms.katalon.core.main.TestSuiteExecutor.execute(TestSuiteExecutor.java:106)
	at com.kms.katalon.core.main.TestCaseMain.startTestSuite(TestCaseMain.java:187)
	at com.kms.katalon.core.main.TestCaseMain$startTestSuite$0.call(Unknown Source)
	at TempTestSuite1684710272778.run(TempTestSuite1684710272778.groovy:36)
Caused by: com.kms.katalon.core.exception.StepFailedException: com.kms.katalon.core.webui.exception.WebElementNotFoundException: Web element with id: 'Object Repository/AllTestLevel/TextoFinalPractica' located by '//h1[contains(text(),'¡Enhorabuena! Has llegado al final de la práctica')]' not found
	at com.kms.katalon.core.webui.keyword.internal.WebUIKeywordMain.stepFailed(WebUIKeywordMain.groovy:64)
	at com.kms.katalon.core.webui.keyword.builtin.VerifyElementTextKeyword$_verifyElementText_closure1.doCall(VerifyElementTextKeyword.groovy:64)
	at com.kms.katalon.core.webui.keyword.builtin.VerifyElementTextKeyword$_verifyElementText_closure1.call(VerifyElementTextKeyword.groovy)
	at com.kms.katalon.core.webui.keyword.internal.WebUIKeywordMain.runKeyword(WebUIKeywordMain.groovy:20)
	... 19 more]]></system-err>
      </testcase>
      <system-out><![CDATA[2023-05-22 01:04:34 - [TEST_SUITE][ERROR] - SuitesProblemasAuto: Test Cases/SolucionEnscriptsIndividuales/Ejecucion_Codigo_Javascript FAILED.
Reason:
org.codehaus.groovy.control.MultipleCompilationErrorsException: startup failed:
file:/C:/Users/aleja/Katalon%20Studio/practicaselenium/Scripts/SolucionEnscriptsIndividuales/Ejecucion_Codigo_Javascript/Script1684708546695.groovy: 26: unable to resolve class WebElement 
 @ line 26, column 12.
   WebElement BotonOculto = WebUI.findWebElement(testObj, 5)
              ^

1 error

	at com.kms.katalon.core.main.ScriptEngine.getScript(ScriptEngine.java:199)
	at com.kms.katalon.core.main.ScriptEngine.run(ScriptEngine.java:194)
	at com.kms.katalon.core.main.ScriptEngine.runScriptAsRawText(ScriptEngine.java:119)
	at com.kms.katalon.core.main.TestCaseExecutor.runScript(TestCaseExecutor.java:448)
	at com.kms.katalon.core.main.TestCaseExecutor.doExecute(TestCaseExecutor.java:439)
	at com.kms.katalon.core.main.TestCaseExecutor.processExecutionPhase(TestCaseExecutor.java:418)
	at com.kms.katalon.core.main.TestCaseExecutor.accessMainPhase(TestCaseExecutor.java:410)
	at com.kms.katalon.core.main.TestCaseExecutor.execute(TestCaseExecutor.java:285)
	at com.kms.katalon.core.common.CommonExecutor.accessTestCaseMainPhase(CommonExecutor.java:65)
	at com.kms.katalon.core.main.TestSuiteExecutor.accessTestSuiteMainPhase(TestSuiteExecutor.java:148)
	at com.kms.katalon.core.main.TestSuiteExecutor.execute(TestSuiteExecutor.java:106)
	at com.kms.katalon.core.main.TestCaseMain.startTestSuite(TestCaseMain.java:187)
	at com.kms.katalon.core.main.TestCaseMain$startTestSuite$0.call(Unknown Source)
	at TempTestSuite1684710272778.run(TempTestSuite1684710272778.groovy:36)]]></system-out>
      <system-err><![CDATA[2023-05-22 01:04:34 - [TEST_SUITE][ERROR] - SuitesProblemasAuto: Test Cases/SolucionEnscriptsIndividuales/Ejecucion_Codigo_Javascript FAILED.
Reason:
org.codehaus.groovy.control.MultipleCompilationErrorsException: startup failed:
file:/C:/Users/aleja/Katalon%20Studio/practicaselenium/Scripts/SolucionEnscriptsIndividuales/Ejecucion_Codigo_Javascript/Script1684708546695.groovy: 26: unable to resolve class WebElement 
 @ line 26, column 12.
   WebElement BotonOculto = WebUI.findWebElement(testObj, 5)
              ^

1 error

	at com.kms.katalon.core.main.ScriptEngine.getScript(ScriptEngine.java:199)
	at com.kms.katalon.core.main.ScriptEngine.run(ScriptEngine.java:194)
	at com.kms.katalon.core.main.ScriptEngine.runScriptAsRawText(ScriptEngine.java:119)
	at com.kms.katalon.core.main.TestCaseExecutor.runScript(TestCaseExecutor.java:448)
	at com.kms.katalon.core.main.TestCaseExecutor.doExecute(TestCaseExecutor.java:439)
	at com.kms.katalon.core.main.TestCaseExecutor.processExecutionPhase(TestCaseExecutor.java:418)
	at com.kms.katalon.core.main.TestCaseExecutor.accessMainPhase(TestCaseExecutor.java:410)
	at com.kms.katalon.core.main.TestCaseExecutor.execute(TestCaseExecutor.java:285)
	at com.kms.katalon.core.common.CommonExecutor.accessTestCaseMainPhase(CommonExecutor.java:65)
	at com.kms.katalon.core.main.TestSuiteExecutor.accessTestSuiteMainPhase(TestSuiteExecutor.java:148)
	at com.kms.katalon.core.main.TestSuiteExecutor.execute(TestSuiteExecutor.java:106)
	at com.kms.katalon.core.main.TestCaseMain.startTestSuite(TestCaseMain.java:187)
	at com.kms.katalon.core.main.TestCaseMain$startTestSuite$0.call(Unknown Source)
	at TempTestSuite1684710272778.run(TempTestSuite1684710272778.groovy:36)]]></system-err>
   </testsuite>
</testsuites>
